TpTrace Verbose: 0 : 27488, 1, 2024/07/25, 20:06:28.291, 3577072699004, vstest.console.dll, Version: 17.10.0-release-24272-11 Current process architecture: X86
TpTrace Verbose: 0 : 27488, 1, 2024/07/25, 20:06:28.294, 3577072737897, vstest.console.dll, Runtime location: C:\Program Files (x86)\dotnet\shared\Microsoft.NETCore.App\8.0.7
TpTrace Verbose: 0 : 27488, 1, 2024/07/25, 20:06:28.296, 3577072752392, vstest.console.dll, ArtifactProcessingPostProcessModeProcessorExecutor.Initialize: ArtifactProcessingMode.Collect
TpTrace Verbose: 0 : 27488, 1, 2024/07/25, 20:06:28.296, 3577072753681, vstest.console.dll, TestSessionCorrelationIdProcessorModeProcessorExecutor.Initialize: TestSessionCorrelationId '12268_aaf06ac7-3f66-4ab1-b2d1-b3f3de0bff25'
TpTrace Information: 0 : 27488, 1, 2024/07/25, 20:06:28.302, 3577072815125, vstest.console.dll, FilePatternParser: The given file D:\SoftUni\Front-End-Test-Automation-July-2024\12.Automation Architectures\TestPracticeProject\TestProjects\bin\Debug\net8.0\fine-code-coverage\build-output\TestProject.dll is a full path.
TpTrace Verbose: 0 : 27488, 1, 2024/07/25, 20:06:28.306, 3577072853488, vstest.console.dll, TestPluginCache.DiscoverTestExtensions: finding test extensions in assemblies ends with: RuntimeProvider.dll TPluginInfo: Microsoft.VisualStudio.TestPlatform.Common.ExtensionFramework.Utilities.TestRuntimePluginInformation TExtension: Microsoft.VisualStudio.TestPlatform.ObjectModel.Host.ITestRuntimeProvider
TpTrace Verbose: 0 : 27488, 1, 2024/07/25, 20:06:28.306, 3577072856814, vstest.console.dll, TestPluginCache.GetExtensionPaths: Filtered extension paths: 
TpTrace Verbose: 0 : 27488, 1, 2024/07/25, 20:06:28.306, 3577072857870, vstest.console.dll, TestPluginCache.GetExtensionPaths: Added default extension paths: C:\Program Files (x86)\dotnet\sdk\8.0.303\Extensions\Microsoft.Diagnostics.NETCore.Client.dll
C:\Program Files (x86)\dotnet\sdk\8.0.303\Extensions\Microsoft.TestPlatform.Extensions.BlameDataCollector.dll
C:\Program Files (x86)\dotnet\sdk\8.0.303\Extensions\Microsoft.TestPlatform.Extensions.EventLogCollector.dll
C:\Program Files (x86)\dotnet\sdk\8.0.303\Extensions\Microsoft.TestPlatform.TestHostRuntimeProvider.dll
C:\Program Files (x86)\dotnet\sdk\8.0.303\Extensions\Microsoft.VisualStudio.TestPlatform.Extensions.Html.TestLogger.dll
C:\Program Files (x86)\dotnet\sdk\8.0.303\Extensions\Microsoft.VisualStudio.TestPlatform.Extensions.Trx.TestLogger.dll
TpTrace Verbose: 0 : 27488, 1, 2024/07/25, 20:06:28.307, 3577072858560, vstest.console.dll, TestPluginCache.GetExtensionPaths: Added unfilterableExtensionPaths: 
TpTrace Information: 0 : 27488, 1, 2024/07/25, 20:06:28.307, 3577072863625, vstest.console.dll, AssemblyResolver.ctor: Creating AssemblyResolver with searchDirectories C:\Program Files (x86)\dotnet\sdk\8.0.303\Extensions,C:\Program Files (x86)\dotnet\sdk\8.0.303
TpTrace Verbose: 0 : 27488, 1, 2024/07/25, 20:06:28.308, 3577072876564, vstest.console.dll, TestPluginCache.DiscoverTestExtensions: Discovering the extensions using extension path.
TpTrace Verbose: 0 : 27488, 1, 2024/07/25, 20:06:28.308, 3577072877806, vstest.console.dll, TestPluginCache.GetExtensionPaths: Filtered extension paths: 
TpTrace Verbose: 0 : 27488, 1, 2024/07/25, 20:06:28.309, 3577072878570, vstest.console.dll, TestPluginCache.GetExtensionPaths: Added default extension paths: C:\Program Files (x86)\dotnet\sdk\8.0.303\Extensions\Microsoft.Diagnostics.NETCore.Client.dll
C:\Program Files (x86)\dotnet\sdk\8.0.303\Extensions\Microsoft.TestPlatform.Extensions.BlameDataCollector.dll
C:\Program Files (x86)\dotnet\sdk\8.0.303\Extensions\Microsoft.TestPlatform.Extensions.EventLogCollector.dll
C:\Program Files (x86)\dotnet\sdk\8.0.303\Extensions\Microsoft.TestPlatform.TestHostRuntimeProvider.dll
C:\Program Files (x86)\dotnet\sdk\8.0.303\Extensions\Microsoft.VisualStudio.TestPlatform.Extensions.Html.TestLogger.dll
C:\Program Files (x86)\dotnet\sdk\8.0.303\Extensions\Microsoft.VisualStudio.TestPlatform.Extensions.Trx.TestLogger.dll
TpTrace Verbose: 0 : 27488, 1, 2024/07/25, 20:06:28.309, 3577072879133, vstest.console.dll, TestPluginCache.GetExtensionPaths: Added unfilterableExtensionPaths: 
TpTrace Verbose: 0 : 27488, 1, 2024/07/25, 20:06:28.309, 3577072880441, vstest.console.dll, TestPluginCache.DiscoverTestExtensions: Discovering the extensions using allExtensionPaths: C:\Program Files (x86)\dotnet\sdk\8.0.303\Extensions\Microsoft.Diagnostics.NETCore.Client.dll
C:\Program Files (x86)\dotnet\sdk\8.0.303\Extensions\Microsoft.TestPlatform.Extensions.BlameDataCollector.dll
C:\Program Files (x86)\dotnet\sdk\8.0.303\Extensions\Microsoft.TestPlatform.Extensions.EventLogCollector.dll
C:\Program Files (x86)\dotnet\sdk\8.0.303\Extensions\Microsoft.TestPlatform.TestHostRuntimeProvider.dll
C:\Program Files (x86)\dotnet\sdk\8.0.303\Extensions\Microsoft.VisualStudio.TestPlatform.Extensions.Html.TestLogger.dll
C:\Program Files (x86)\dotnet\sdk\8.0.303\Extensions\Microsoft.VisualStudio.TestPlatform.Extensions.Trx.TestLogger.dll
TpTrace Information: 0 : 27488, 1, 2024/07/25, 20:06:28.309, 3577072881510, vstest.console.dll, AssemblyResolver.AddSearchDirectories: Adding more searchDirectories C:\Program Files (x86)\dotnet\sdk\8.0.303\Extensions,C:\Program Files (x86)\dotnet\sdk\8.0.303
TpTrace Information: 0 : 27488, 1, 2024/07/25, 20:06:28.309, 3577072882293, vstest.console.dll, AssemblyResolver.AddSearchDirectories: Adding more searchDirectories C:\Program Files (x86)\dotnet\sdk\8.0.303\Extensions,C:\Program Files (x86)\dotnet\sdk\8.0.303
TpTrace Information: 0 : 27488, 1, 2024/07/25, 20:06:28.309, 3577072882959, vstest.console.dll, AssemblyResolver.AddSearchDirectories: Adding more searchDirectories C:\Program Files (x86)\dotnet\sdk\8.0.303\Extensions,C:\Program Files (x86)\dotnet\sdk\8.0.303
TpTrace Information: 0 : 27488, 1, 2024/07/25, 20:06:28.309, 3577072883537, vstest.console.dll, AssemblyResolver.AddSearchDirectories: Adding more searchDirectories C:\Program Files (x86)\dotnet\sdk\8.0.303\Extensions,C:\Program Files (x86)\dotnet\sdk\8.0.303
TpTrace Information: 0 : 27488, 1, 2024/07/25, 20:06:28.309, 3577072884112, vstest.console.dll, AssemblyResolver.AddSearchDirectories: Adding more searchDirectories C:\Program Files (x86)\dotnet\sdk\8.0.303\Extensions,C:\Program Files (x86)\dotnet\sdk\8.0.303
TpTrace Information: 0 : 27488, 1, 2024/07/25, 20:06:28.309, 3577072884732, vstest.console.dll, AssemblyResolver.AddSearchDirectories: Adding more searchDirectories C:\Program Files (x86)\dotnet\sdk\8.0.303\Extensions,C:\Program Files (x86)\dotnet\sdk\8.0.303
TpTrace Information: 0 : 27488, 1, 2024/07/25, 20:06:28.310, 3577072895167, vstest.console.dll, AssemblyResolver.OnResolve: Microsoft.Diagnostics.NETCore.Client: Resolving assembly.
TpTrace Information: 0 : 27488, 1, 2024/07/25, 20:06:28.310, 3577072896098, vstest.console.dll, AssemblyResolver.OnResolve: Microsoft.Diagnostics.NETCore.Client: Searching in: 'C:\Program Files (x86)\dotnet\sdk\8.0.303\Extensions'.
TpTrace Information: 0 : 27488, 1, 2024/07/25, 20:06:28.316, 3577072952197, vstest.console.dll, AssemblyResolver.OnResolve: Microsoft.Diagnostics.NETCore.Client: Loading assembly 'C:\Program Files (x86)\dotnet\sdk\8.0.303\Extensions\Microsoft.Diagnostics.NETCore.Client.dll'.
TpTrace Information: 0 : 27488, 1, 2024/07/25, 20:06:28.316, 3577072957670, vstest.console.dll, AssemblyResolver.OnResolve: Resolved assembly: Microsoft.Diagnostics.NETCore.Client, from path: C:\Program Files (x86)\dotnet\sdk\8.0.303\Extensions\Microsoft.Diagnostics.NETCore.Client.dll
TpTrace Verbose: 0 : 27488, 1, 2024/07/25, 20:06:28.320, 3577072996702, vstest.console.dll, MetadataReaderExtensionsHelper: Discovering extensions inside assembly 'Microsoft.Diagnostics.NETCore.Client, Version=0.2.10.15101, Culture=neutral, PublicKeyToken=31bf3856ad364e35' file path 'C:\Program Files (x86)\dotnet\sdk\8.0.303\Extensions\Microsoft.Diagnostics.NETCore.Client.dll'
TpTrace Information: 0 : 27488, 1, 2024/07/25, 20:06:28.324, 3577073031057, vstest.console.dll, AssemblyResolver.OnResolve: Microsoft.Bcl.AsyncInterfaces: Resolving assembly.
TpTrace Information: 0 : 27488, 1, 2024/07/25, 20:06:28.324, 3577073032156, vstest.console.dll, AssemblyResolver.OnResolve: Microsoft.Bcl.AsyncInterfaces: Searching in: 'C:\Program Files (x86)\dotnet\sdk\8.0.303\Extensions'.
TpTrace Information: 0 : 27488, 1, 2024/07/25, 20:06:28.324, 3577073034088, vstest.console.dll, AssemblyResolver.OnResolve: Microsoft.Bcl.AsyncInterfaces: Assembly path does not exist: 'C:\Program Files (x86)\dotnet\sdk\8.0.303\Extensions\Microsoft.Bcl.AsyncInterfaces.dll', returning.
TpTrace Information: 0 : 27488, 1, 2024/07/25, 20:06:28.324, 3577073035107, vstest.console.dll, AssemblyResolver.OnResolve: Microsoft.Bcl.AsyncInterfaces: Assembly path does not exist: 'C:\Program Files (x86)\dotnet\sdk\8.0.303\Extensions\Microsoft.Bcl.AsyncInterfaces.exe', returning.
TpTrace Information: 0 : 27488, 1, 2024/07/25, 20:06:28.324, 3577073035764, vstest.console.dll, AssemblyResolver.OnResolve: Microsoft.Bcl.AsyncInterfaces: Searching in: 'C:\Program Files (x86)\dotnet\sdk\8.0.303'.
TpTrace Information: 0 : 27488, 1, 2024/07/25, 20:06:28.324, 3577073036717, vstest.console.dll, AssemblyResolver.OnResolve: Microsoft.Bcl.AsyncInterfaces: Assembly path does not exist: 'C:\Program Files (x86)\dotnet\sdk\8.0.303\Microsoft.Bcl.AsyncInterfaces.dll', returning.
TpTrace Information: 0 : 27488, 1, 2024/07/25, 20:06:28.324, 3577073037652, vstest.console.dll, AssemblyResolver.OnResolve: Microsoft.Bcl.AsyncInterfaces: Assembly path does not exist: 'C:\Program Files (x86)\dotnet\sdk\8.0.303\Microsoft.Bcl.AsyncInterfaces.exe', returning.
TpTrace Information: 0 : 27488, 1, 2024/07/25, 20:06:28.325, 3577073038236, vstest.console.dll, AssemblyResolver.OnResolve: Microsoft.Bcl.AsyncInterfaces: Failed to load assembly.
TpTrace Verbose: 0 : 27488, 1, 2024/07/25, 20:06:28.325, 3577073038843, vstest.console.dll, CurrentDomainAssemblyResolve: Resolving assembly 'Microsoft.Bcl.AsyncInterfaces'.
TpTrace Information: 0 : 27488, 1, 2024/07/25, 20:06:28.325, 3577073039699, vstest.console.dll, AssemblyResolver.OnResolve: Microsoft.Bcl.AsyncInterfaces: Resolving assembly.
TpTrace Information: 0 : 27488, 1, 2024/07/25, 20:06:28.325, 3577073040349, vstest.console.dll, AssemblyResolver.OnResolve: Microsoft.Bcl.AsyncInterfaces: Resolved from cache.
TpTrace Verbose: 0 : 27488, 1, 2024/07/25, 20:06:28.325, 3577073040903, vstest.console.dll, CurrentDomainAssemblyResolve: Resolving assembly 'Microsoft.Bcl.AsyncInterfaces'.
TpTrace Verbose: 0 : 27488, 1, 2024/07/25, 20:06:28.325, 3577073041492, vstest.console.dll, CurrentDomainAssemblyResolve: Failed to resolve assembly 'Microsoft.Bcl.AsyncInterfaces'.
TpTrace Verbose: 0 : 27488, 1, 2024/07/25, 20:06:28.326, 3577073048782, vstest.console.dll, CurrentDomainAssemblyResolve: Failed to resolve assembly 'Microsoft.Bcl.AsyncInterfaces'.
TpTrace Warning: 0 : 27488, 1, 2024/07/25, 20:06:28.337, 3577073161184, vstest.console.dll, TestPluginDiscoverer: Failed to get types from assembly 'Microsoft.Diagnostics.NETCore.Client, Version=0.2.10.15101, Culture=neutral, PublicKeyToken=31bf3856ad364e35'. Error: System.Reflection.ReflectionTypeLoadException: Unable to load one or more of the requested types.
Could not load file or assembly 'Microsoft.Bcl.AsyncInterfaces, Version=6.0.0.0, Culture=neutral, PublicKeyToken=cc7b13ffcd2ddd51'. The system cannot find the file specified.
   at System.Reflection.RuntimeModule.GetTypes(RuntimeModule module)
   at System.Reflection.RuntimeModule.GetTypes()
   at System.Reflection.Assembly.GetTypes()
   at Microsoft.VisualStudio.TestPlatform.Common.ExtensionFramework.TestPluginDiscoverer.GetTestExtensionsFromAssembly[TPluginInfo,TExtension](Assembly assembly, Dictionary`2 pluginInfos, String filePath) in /_/src/Microsoft.TestPlatform.Common/ExtensionFramework/TestPluginDiscoverer.cs:line 158
System.IO.FileNotFoundException: Could not load file or assembly 'Microsoft.Bcl.AsyncInterfaces, Version=6.0.0.0, Culture=neutral, PublicKeyToken=cc7b13ffcd2ddd51'. The system cannot find the file specified.
File name: 'Microsoft.Bcl.AsyncInterfaces, Version=6.0.0.0, Culture=neutral, PublicKeyToken=cc7b13ffcd2ddd51'
 ---> System.IO.FileNotFoundException: Could not load file or assembly 'Microsoft.Bcl.AsyncInterfaces, Culture=neutral, PublicKeyToken=null'. The system cannot find the file specified.
File name: 'Microsoft.Bcl.AsyncInterfaces, Culture=neutral, PublicKeyToken=null'
   at System.Reflection.RuntimeAssembly.InternalLoad(AssemblyName assemblyName, StackCrawlMark& stackMark, AssemblyLoadContext assemblyLoadContext, RuntimeAssembly requestingAssembly, Boolean throwOnFileNotFound)
   at System.Reflection.Assembly.Load(AssemblyName assemblyRef)
   at Microsoft.VisualStudio.TestPlatform.Common.ExtensionFramework.TestPluginCache.CurrentDomainAssemblyResolve(Object sender, AssemblyResolveEventArgs args) in /_/src/Microsoft.TestPlatform.Common/ExtensionFramework/TestPluginCache.cs:line 513
   at Microsoft.VisualStudio.TestPlatform.PlatformAbstractions.PlatformAssemblyResolver.AssemblyResolverEvent(Object sender, Object eventArgs) in /_/src/Microsoft.TestPlatform.PlatformAbstractions/netcore/Runtime/PlatformAssemblyResolver.cs:line 74
   at System.Runtime.Loader.AssemblyLoadContext.GetFirstResolvedAssemblyFromResolvingEvent(AssemblyName assemblyName)
   at System.Runtime.Loader.AssemblyLoadContext.ResolveUsingEvent(AssemblyName assemblyName)
   at System.Runtime.Loader.AssemblyLoadContext.ResolveUsingResolvingEvent(IntPtr gchManagedAssemblyLoadContext, AssemblyName assemblyName)
TpTrace Warning: 0 : 27488, 1, 2024/07/25, 20:06:28.337, 3577073164915, vstest.console.dll, LoaderExceptions: System.IO.FileNotFoundException: Could not load file or assembly 'Microsoft.Bcl.AsyncInterfaces, Version=6.0.0.0, Culture=neutral, PublicKeyToken=cc7b13ffcd2ddd51'. The system cannot find the file specified.
File name: 'Microsoft.Bcl.AsyncInterfaces, Version=6.0.0.0, Culture=neutral, PublicKeyToken=cc7b13ffcd2ddd51'
 ---> System.IO.FileNotFoundException: Could not load file or assembly 'Microsoft.Bcl.AsyncInterfaces, Culture=neutral, PublicKeyToken=null'. The system cannot find the file specified.
File name: 'Microsoft.Bcl.AsyncInterfaces, Culture=neutral, PublicKeyToken=null'
   at System.Reflection.RuntimeAssembly.InternalLoad(AssemblyName assemblyName, StackCrawlMark& stackMark, AssemblyLoadContext assemblyLoadContext, RuntimeAssembly requestingAssembly, Boolean throwOnFileNotFound)
   at System.Reflection.Assembly.Load(AssemblyName assemblyRef)
   at Microsoft.VisualStudio.TestPlatform.Common.ExtensionFramework.TestPluginCache.CurrentDomainAssemblyResolve(Object sender, AssemblyResolveEventArgs args) in /_/src/Microsoft.TestPlatform.Common/ExtensionFramework/TestPluginCache.cs:line 513
   at Microsoft.VisualStudio.TestPlatform.PlatformAbstractions.PlatformAssemblyResolver.AssemblyResolverEvent(Object sender, Object eventArgs) in /_/src/Microsoft.TestPlatform.PlatformAbstractions/netcore/Runtime/PlatformAssemblyResolver.cs:line 74
   at System.Runtime.Loader.AssemblyLoadContext.GetFirstResolvedAssemblyFromResolvingEvent(AssemblyName assemblyName)
   at System.Runtime.Loader.AssemblyLoadContext.ResolveUsingEvent(AssemblyName assemblyName)
   at System.Runtime.Loader.AssemblyLoadContext.ResolveUsingResolvingEvent(IntPtr gchManagedAssemblyLoadContext, AssemblyName assemblyName)
TpTrace Information: 0 : 27488, 1, 2024/07/25, 20:06:28.337, 3577073166424, vstest.console.dll, AssemblyResolver.OnResolve: Microsoft.TestPlatform.Extensions.BlameDataCollector: Resolving assembly.
TpTrace Information: 0 : 27488, 1, 2024/07/25, 20:06:28.337, 3577073167093, vstest.console.dll, AssemblyResolver.OnResolve: Microsoft.TestPlatform.Extensions.BlameDataCollector: Searching in: 'C:\Program Files (x86)\dotnet\sdk\8.0.303\Extensions'.
TpTrace Information: 0 : 27488, 1, 2024/07/25, 20:06:28.338, 3577073170005, vstest.console.dll, AssemblyResolver.OnResolve: Microsoft.TestPlatform.Extensions.BlameDataCollector: Loading assembly 'C:\Program Files (x86)\dotnet\sdk\8.0.303\Extensions\Microsoft.TestPlatform.Extensions.BlameDataCollector.dll'.
TpTrace Information: 0 : 27488, 1, 2024/07/25, 20:06:28.338, 3577073174936, vstest.console.dll, AssemblyResolver.OnResolve: Resolved assembly: Microsoft.TestPlatform.Extensions.BlameDataCollector, from path: C:\Program Files (x86)\dotnet\sdk\8.0.303\Extensions\Microsoft.TestPlatform.Extensions.BlameDataCollector.dll
TpTrace Verbose: 0 : 27488, 1, 2024/07/25, 20:06:28.338, 3577073176428, vstest.console.dll, MetadataReaderExtensionsHelper: Discovering extensions inside assembly 'Microsoft.TestPlatform.Extensions.BlameDataCollector, Version=15.0.0.0, Culture=neutral, PublicKeyToken=b03f5f7f11d50a3a' file path 'C:\Program Files (x86)\dotnet\sdk\8.0.303\Extensions\Microsoft.TestPlatform.Extensions.BlameDataCollector.dll'
TpTrace Information: 0 : 27488, 1, 2024/07/25, 20:06:28.340, 3577073189664, vstest.console.dll, AssemblyResolver.OnResolve: Microsoft.TestPlatform.Extensions.EventLogCollector: Resolving assembly.
TpTrace Information: 0 : 27488, 1, 2024/07/25, 20:06:28.340, 3577073190747, vstest.console.dll, AssemblyResolver.OnResolve: Microsoft.TestPlatform.Extensions.EventLogCollector: Searching in: 'C:\Program Files (x86)\dotnet\sdk\8.0.303\Extensions'.
TpTrace Information: 0 : 27488, 1, 2024/07/25, 20:06:28.340, 3577073193649, vstest.console.dll, AssemblyResolver.OnResolve: Microsoft.TestPlatform.Extensions.EventLogCollector: Loading assembly 'C:\Program Files (x86)\dotnet\sdk\8.0.303\Extensions\Microsoft.TestPlatform.Extensions.EventLogCollector.dll'.
TpTrace Information: 0 : 27488, 1, 2024/07/25, 20:06:28.341, 3577073200592, vstest.console.dll, AssemblyResolver.OnResolve: Resolved assembly: Microsoft.TestPlatform.Extensions.EventLogCollector, from path: C:\Program Files (x86)\dotnet\sdk\8.0.303\Extensions\Microsoft.TestPlatform.Extensions.EventLogCollector.dll
TpTrace Verbose: 0 : 27488, 1, 2024/07/25, 20:06:28.341, 3577073201481, vstest.console.dll, MetadataReaderExtensionsHelper: Discovering extensions inside assembly 'Microsoft.TestPlatform.Extensions.EventLogCollector, Version=15.0.0.0, Culture=neutral, PublicKeyToken=b03f5f7f11d50a3a' file path 'C:\Program Files (x86)\dotnet\sdk\8.0.303\Extensions\Microsoft.TestPlatform.Extensions.EventLogCollector.dll'
TpTrace Information: 0 : 27488, 1, 2024/07/25, 20:06:28.343, 3577073223357, vstest.console.dll, AssemblyResolver.OnResolve: Microsoft.TestPlatform.TestHostRuntimeProvider: Resolving assembly.
TpTrace Information: 0 : 27488, 1, 2024/07/25, 20:06:28.343, 3577073224270, vstest.console.dll, AssemblyResolver.OnResolve: Microsoft.TestPlatform.TestHostRuntimeProvider: Searching in: 'C:\Program Files (x86)\dotnet\sdk\8.0.303\Extensions'.
TpTrace Information: 0 : 27488, 1, 2024/07/25, 20:06:28.343, 3577073226871, vstest.console.dll, AssemblyResolver.OnResolve: Microsoft.TestPlatform.TestHostRuntimeProvider: Loading assembly 'C:\Program Files (x86)\dotnet\sdk\8.0.303\Extensions\Microsoft.TestPlatform.TestHostRuntimeProvider.dll'.
TpTrace Information: 0 : 27488, 1, 2024/07/25, 20:06:28.344, 3577073231155, vstest.console.dll, AssemblyResolver.OnResolve: Resolved assembly: Microsoft.TestPlatform.TestHostRuntimeProvider, from path: C:\Program Files (x86)\dotnet\sdk\8.0.303\Extensions\Microsoft.TestPlatform.TestHostRuntimeProvider.dll
TpTrace Verbose: 0 : 27488, 1, 2024/07/25, 20:06:28.344, 3577073232057, vstest.console.dll, MetadataReaderExtensionsHelper: Discovering extensions inside assembly 'Microsoft.TestPlatform.TestHostRuntimeProvider, Version=15.0.0.0, Culture=neutral, PublicKeyToken=b03f5f7f11d50a3a' file path 'C:\Program Files (x86)\dotnet\sdk\8.0.303\Extensions\Microsoft.TestPlatform.TestHostRuntimeProvider.dll'
TpTrace Information: 0 : 27488, 1, 2024/07/25, 20:06:28.345, 3577073243542, vstest.console.dll, GetTestExtensionFromType: Register extension with identifier data 'HostProvider://DefaultTestHost' and type 'Microsoft.VisualStudio.TestPlatform.CrossPlatEngine.Hosting.DefaultTestHostManager, Microsoft.TestPlatform.TestHostRuntimeProvider, Version=15.0.0.0, Culture=neutral, PublicKeyToken=b03f5f7f11d50a3a' inside file 'C:\Program Files (x86)\dotnet\sdk\8.0.303\Extensions\Microsoft.TestPlatform.TestHostRuntimeProvider.dll'
TpTrace Information: 0 : 27488, 1, 2024/07/25, 20:06:28.345, 3577073246069, vstest.console.dll, GetTestExtensionFromType: Register extension with identifier data 'HostProvider://DotnetTestHost' and type 'Microsoft.VisualStudio.TestPlatform.CrossPlatEngine.Hosting.DotnetTestHostManager, Microsoft.TestPlatform.TestHostRuntimeProvider, Version=15.0.0.0, Culture=neutral, PublicKeyToken=b03f5f7f11d50a3a' inside file 'C:\Program Files (x86)\dotnet\sdk\8.0.303\Extensions\Microsoft.TestPlatform.TestHostRuntimeProvider.dll'
TpTrace Information: 0 : 27488, 1, 2024/07/25, 20:06:28.345, 3577073247071, vstest.console.dll, AssemblyResolver.OnResolve: Microsoft.VisualStudio.TestPlatform.Extensions.Html.TestLogger: Resolving assembly.
TpTrace Information: 0 : 27488, 1, 2024/07/25, 20:06:28.345, 3577073247888, vstest.console.dll, AssemblyResolver.OnResolve: Microsoft.VisualStudio.TestPlatform.Extensions.Html.TestLogger: Searching in: 'C:\Program Files (x86)\dotnet\sdk\8.0.303\Extensions'.
TpTrace Information: 0 : 27488, 1, 2024/07/25, 20:06:28.346, 3577073250670, vstest.console.dll, AssemblyResolver.OnResolve: Microsoft.VisualStudio.TestPlatform.Extensions.Html.TestLogger: Loading assembly 'C:\Program Files (x86)\dotnet\sdk\8.0.303\Extensions\Microsoft.VisualStudio.TestPlatform.Extensions.Html.TestLogger.dll'.
TpTrace Information: 0 : 27488, 1, 2024/07/25, 20:06:28.346, 3577073255913, vstest.console.dll, AssemblyResolver.OnResolve: Resolved assembly: Microsoft.VisualStudio.TestPlatform.Extensions.Html.TestLogger, from path: C:\Program Files (x86)\dotnet\sdk\8.0.303\Extensions\Microsoft.VisualStudio.TestPlatform.Extensions.Html.TestLogger.dll
TpTrace Verbose: 0 : 27488, 1, 2024/07/25, 20:06:28.346, 3577073256943, vstest.console.dll, MetadataReaderExtensionsHelper: Discovering extensions inside assembly 'Microsoft.VisualStudio.TestPlatform.Extensions.Html.TestLogger, Version=15.0.0.0, Culture=neutral, PublicKeyToken=b03f5f7f11d50a3a' file path 'C:\Program Files (x86)\dotnet\sdk\8.0.303\Extensions\Microsoft.VisualStudio.TestPlatform.Extensions.Html.TestLogger.dll'
TpTrace Information: 0 : 27488, 1, 2024/07/25, 20:06:28.347, 3577073264727, vstest.console.dll, AssemblyResolver.OnResolve: Microsoft.VisualStudio.TestPlatform.Extensions.Trx.TestLogger: Resolving assembly.
TpTrace Information: 0 : 27488, 1, 2024/07/25, 20:06:28.347, 3577073265615, vstest.console.dll, AssemblyResolver.OnResolve: Microsoft.VisualStudio.TestPlatform.Extensions.Trx.TestLogger: Searching in: 'C:\Program Files (x86)\dotnet\sdk\8.0.303\Extensions'.
TpTrace Information: 0 : 27488, 1, 2024/07/25, 20:06:28.348, 3577073268190, vstest.console.dll, AssemblyResolver.OnResolve: Microsoft.VisualStudio.TestPlatform.Extensions.Trx.TestLogger: Loading assembly 'C:\Program Files (x86)\dotnet\sdk\8.0.303\Extensions\Microsoft.VisualStudio.TestPlatform.Extensions.Trx.TestLogger.dll'.
TpTrace Information: 0 : 27488, 1, 2024/07/25, 20:06:28.348, 3577073273166, vstest.console.dll, AssemblyResolver.OnResolve: Resolved assembly: Microsoft.VisualStudio.TestPlatform.Extensions.Trx.TestLogger, from path: C:\Program Files (x86)\dotnet\sdk\8.0.303\Extensions\Microsoft.VisualStudio.TestPlatform.Extensions.Trx.TestLogger.dll
TpTrace Verbose: 0 : 27488, 1, 2024/07/25, 20:06:28.348, 3577073274079, vstest.console.dll, MetadataReaderExtensionsHelper: Discovering extensions inside assembly 'Microsoft.VisualStudio.TestPlatform.Extensions.Trx.TestLogger, Version=15.0.0.0, Culture=neutral, PublicKeyToken=b03f5f7f11d50a3a' file path 'C:\Program Files (x86)\dotnet\sdk\8.0.303\Extensions\Microsoft.VisualStudio.TestPlatform.Extensions.Trx.TestLogger.dll'
TpTrace Verbose: 0 : 27488, 1, 2024/07/25, 20:06:28.349, 3577073281257, vstest.console.dll, TestPluginCache: Discovered the extensions using extension path ''.
TpTrace Verbose: 0 : 27488, 1, 2024/07/25, 20:06:28.349, 3577073282064, vstest.console.dll, TestPluginCache: Discoverers are ''.
TpTrace Verbose: 0 : 27488, 1, 2024/07/25, 20:06:28.349, 3577073282741, vstest.console.dll, TestPluginCache: Executors are ''.
TpTrace Verbose: 0 : 27488, 1, 2024/07/25, 20:06:28.349, 3577073283313, vstest.console.dll, TestPluginCache: Executors2 are ''.
TpTrace Verbose: 0 : 27488, 1, 2024/07/25, 20:06:28.349, 3577073283858, vstest.console.dll, TestPluginCache: Setting providers are ''.
TpTrace Verbose: 0 : 27488, 1, 2024/07/25, 20:06:28.349, 3577073284395, vstest.console.dll, TestPluginCache: Loggers are ''.
TpTrace Verbose: 0 : 27488, 1, 2024/07/25, 20:06:28.349, 3577073285275, vstest.console.dll, TestPluginCache: TestHosts are 'HostProvider://DefaultTestHost,HostProvider://DotnetTestHost'.
TpTrace Verbose: 0 : 27488, 1, 2024/07/25, 20:06:28.349, 3577073285857, vstest.console.dll, TestPluginCache: DataCollectors are ''.
TpTrace Information: 0 : 27488, 1, 2024/07/25, 20:06:28.360, 3577073397102, vstest.console.dll, RunTestsArgumentProcessor:Execute: Test run is starting.
TpTrace Verbose: 0 : 27488, 1, 2024/07/25, 20:06:28.361, 3577073398195, vstest.console.dll, RunTestsArgumentProcessor:Execute: Queuing Test run.
TpTrace Information: 0 : 27488, 1, 2024/07/25, 20:06:28.361, 3577073399962, vstest.console.dll, TestRequestManager.RunTests: run tests started.
TpTrace Information: 0 : 27488, 1, 2024/07/25, 20:06:28.368, 3577073476572, vstest.console.dll, AssemblyMetadataProvider.GetFrameworkName: Determined framework:'.NETCoreApp,Version=v8.0' for source: 'D:\SoftUni\Front-End-Test-Automation-July-2024\12.Automation Architectures\TestPracticeProject\TestProjects\bin\Debug\net8.0\fine-code-coverage\build-output\TestProject.dll'
TpTrace Information: 0 : 27488, 1, 2024/07/25, 20:06:28.369, 3577073479145, vstest.console.dll, Determined framework for all sources: .NETCoreApp,Version=v8.0
TpTrace Verbose: 0 : 27488, 1, 2024/07/25, 20:06:28.369, 3577073483711, vstest.console.dll, TestRequestManager.UpdateRunSettingsIfRequired: Default architecture: X86 IsDefaultTargetArchitecture: True, Current process architecture: X86 OperatingSystem: Windows.
TpTrace Information: 0 : 27488, 1, 2024/07/25, 20:06:28.372, 3577073508925, vstest.console.dll, AssemblyMetadataProvider.GetArchitecture: Determined architecture:AnyCPU info for assembly: D:\SoftUni\Front-End-Test-Automation-July-2024\12.Automation Architectures\TestPracticeProject\TestProjects\bin\Debug\net8.0\fine-code-coverage\build-output\TestProject.dll
TpTrace Information: 0 : 27488, 1, 2024/07/25, 20:06:28.372, 3577073509802, vstest.console.dll, Determined platform for source 'D:\SoftUni\Front-End-Test-Automation-July-2024\12.Automation Architectures\TestPracticeProject\TestProjects\bin\Debug\net8.0\fine-code-coverage\build-output\TestProject.dll' was AnyCPU and it will use the default plaform X86.
TpTrace Information: 0 : 27488, 1, 2024/07/25, 20:06:28.372, 3577073510360, vstest.console.dll, None of the sources provided any runnable platform, using the default platform: X86
TpTrace Information: 0 : 27488, 1, 2024/07/25, 20:06:28.372, 3577073511436, vstest.console.dll, Platform was updated to 'X86'.
TpTrace Information: 0 : 27488, 1, 2024/07/25, 20:06:28.374, 3577073537331, vstest.console.dll, InferRunSettingsHelper.IsTestSettingsEnabled: Unable to navigate to RunSettings/MSTest. Current node: RunSettings
TpTrace Information: 0 : 27488, 1, 2024/07/25, 20:06:28.375, 3577073542835, vstest.console.dll, AssemblyResolver.OnResolve: Microsoft.VisualStudio.TestPlatform.Fakes: Resolving assembly.
TpTrace Information: 0 : 27488, 1, 2024/07/25, 20:06:28.375, 3577073543634, vstest.console.dll, AssemblyResolver.OnResolve: Microsoft.VisualStudio.TestPlatform.Fakes: Searching in: 'C:\Program Files (x86)\dotnet\sdk\8.0.303\Extensions'.
TpTrace Information: 0 : 27488, 1, 2024/07/25, 20:06:28.375, 3577073544792, vstest.console.dll, AssemblyResolver.OnResolve: Microsoft.VisualStudio.TestPlatform.Fakes: Assembly path does not exist: 'C:\Program Files (x86)\dotnet\sdk\8.0.303\Extensions\Microsoft.VisualStudio.TestPlatform.Fakes.dll', returning.
TpTrace Information: 0 : 27488, 1, 2024/07/25, 20:06:28.375, 3577073545813, vstest.console.dll, AssemblyResolver.OnResolve: Microsoft.VisualStudio.TestPlatform.Fakes: Assembly path does not exist: 'C:\Program Files (x86)\dotnet\sdk\8.0.303\Extensions\Microsoft.VisualStudio.TestPlatform.Fakes.exe', returning.
TpTrace Information: 0 : 27488, 1, 2024/07/25, 20:06:28.375, 3577073546443, vstest.console.dll, AssemblyResolver.OnResolve: Microsoft.VisualStudio.TestPlatform.Fakes: Searching in: 'C:\Program Files (x86)\dotnet\sdk\8.0.303'.
TpTrace Information: 0 : 27488, 1, 2024/07/25, 20:06:28.375, 3577073547419, vstest.console.dll, AssemblyResolver.OnResolve: Microsoft.VisualStudio.TestPlatform.Fakes: Assembly path does not exist: 'C:\Program Files (x86)\dotnet\sdk\8.0.303\Microsoft.VisualStudio.TestPlatform.Fakes.dll', returning.
TpTrace Information: 0 : 27488, 1, 2024/07/25, 20:06:28.376, 3577073548431, vstest.console.dll, AssemblyResolver.OnResolve: Microsoft.VisualStudio.TestPlatform.Fakes: Assembly path does not exist: 'C:\Program Files (x86)\dotnet\sdk\8.0.303\Microsoft.VisualStudio.TestPlatform.Fakes.exe', returning.
TpTrace Information: 0 : 27488, 1, 2024/07/25, 20:06:28.376, 3577073549291, vstest.console.dll, AssemblyResolver.OnResolve: Microsoft.VisualStudio.TestPlatform.Fakes: Failed to load assembly.
TpTrace Information: 0 : 27488, 1, 2024/07/25, 20:06:28.376, 3577073551715, vstest.console.dll, Failed to load assembly Microsoft.VisualStudio.TestPlatform.Fakes, Version=17.0.0.0, Culture=neutral. Reason:System.IO.FileNotFoundException: Could not load file or assembly 'Microsoft.VisualStudio.TestPlatform.Fakes, Version=17.0.0.0, Culture=neutral, PublicKeyToken=null'. The system cannot find the file specified.
File name: 'Microsoft.VisualStudio.TestPlatform.Fakes, Version=17.0.0.0, Culture=neutral, PublicKeyToken=null'
   at System.Reflection.RuntimeAssembly.InternalLoad(AssemblyName assemblyName, StackCrawlMark& stackMark, AssemblyLoadContext assemblyLoadContext, RuntimeAssembly requestingAssembly, Boolean throwOnFileNotFound)
   at System.Reflection.Assembly.Load(AssemblyName assemblyRef)
   at Microsoft.VisualStudio.TestPlatform.Common.Utilities.FakesUtilities.LoadTestPlatformAssembly() in /_/src/Microsoft.TestPlatform.Common/Utilities/FakesUtilities.cs:line 272
TpTrace Verbose: 0 : 27488, 1, 2024/07/25, 20:06:28.378, 3577073575536, vstest.console.dll, TestPluginCache.DiscoverTestExtensions: finding test extensions in assemblies ends with: TestLogger.dll TPluginInfo: Microsoft.VisualStudio.TestPlatform.Common.ExtensionFramework.Utilities.TestLoggerPluginInformation TExtension: Microsoft.VisualStudio.TestPlatform.ObjectModel.Client.ITestLogger
TpTrace Verbose: 0 : 27488, 1, 2024/07/25, 20:06:28.378, 3577073577126, vstest.console.dll, TestPluginCache.GetExtensionPaths: Filtered extension paths: 
TpTrace Verbose: 0 : 27488, 1, 2024/07/25, 20:06:28.379, 3577073578215, vstest.console.dll, TestPluginCache.GetExtensionPaths: Added default extension paths: C:\Program Files (x86)\dotnet\sdk\8.0.303\Extensions\Microsoft.Diagnostics.NETCore.Client.dll
C:\Program Files (x86)\dotnet\sdk\8.0.303\Extensions\Microsoft.TestPlatform.Extensions.BlameDataCollector.dll
C:\Program Files (x86)\dotnet\sdk\8.0.303\Extensions\Microsoft.TestPlatform.Extensions.EventLogCollector.dll
C:\Program Files (x86)\dotnet\sdk\8.0.303\Extensions\Microsoft.TestPlatform.TestHostRuntimeProvider.dll
C:\Program Files (x86)\dotnet\sdk\8.0.303\Extensions\Microsoft.VisualStudio.TestPlatform.Extensions.Html.TestLogger.dll
C:\Program Files (x86)\dotnet\sdk\8.0.303\Extensions\Microsoft.VisualStudio.TestPlatform.Extensions.Trx.TestLogger.dll
TpTrace Verbose: 0 : 27488, 1, 2024/07/25, 20:06:28.379, 3577073578876, vstest.console.dll, TestPluginCache.GetExtensionPaths: Added unfilterableExtensionPaths: 
TpTrace Information: 0 : 27488, 1, 2024/07/25, 20:06:28.379, 3577073580455, vstest.console.dll, AssemblyResolver.AddSearchDirectories: Adding more searchDirectories C:\Program Files (x86)\dotnet\sdk\8.0.303\Extensions,C:\Program Files (x86)\dotnet\sdk\8.0.303
TpTrace Verbose: 0 : 27488, 1, 2024/07/25, 20:06:28.379, 3577073581301, vstest.console.dll, TestPluginCache.DiscoverTestExtensions: Discovering the extensions using extension path.
TpTrace Verbose: 0 : 27488, 1, 2024/07/25, 20:06:28.379, 3577073582104, vstest.console.dll, TestPluginCache.GetExtensionPaths: Filtered extension paths: 
TpTrace Verbose: 0 : 27488, 1, 2024/07/25, 20:06:28.379, 3577073583209, vstest.console.dll, TestPluginCache.GetExtensionPaths: Added default extension paths: C:\Program Files (x86)\dotnet\sdk\8.0.303\Extensions\Microsoft.Diagnostics.NETCore.Client.dll
C:\Program Files (x86)\dotnet\sdk\8.0.303\Extensions\Microsoft.TestPlatform.Extensions.BlameDataCollector.dll
C:\Program Files (x86)\dotnet\sdk\8.0.303\Extensions\Microsoft.TestPlatform.Extensions.EventLogCollector.dll
C:\Program Files (x86)\dotnet\sdk\8.0.303\Extensions\Microsoft.TestPlatform.TestHostRuntimeProvider.dll
C:\Program Files (x86)\dotnet\sdk\8.0.303\Extensions\Microsoft.VisualStudio.TestPlatform.Extensions.Html.TestLogger.dll
C:\Program Files (x86)\dotnet\sdk\8.0.303\Extensions\Microsoft.VisualStudio.TestPlatform.Extensions.Trx.TestLogger.dll
TpTrace Verbose: 0 : 27488, 1, 2024/07/25, 20:06:28.379, 3577073583873, vstest.console.dll, TestPluginCache.GetExtensionPaths: Added unfilterableExtensionPaths: 
TpTrace Verbose: 0 : 27488, 1, 2024/07/25, 20:06:28.379, 3577073584534, vstest.console.dll, TestPluginCache.DiscoverTestExtensions: Discovering the extensions using allExtensionPaths: C:\Program Files (x86)\dotnet\sdk\8.0.303\Extensions\Microsoft.Diagnostics.NETCore.Client.dll
C:\Program Files (x86)\dotnet\sdk\8.0.303\Extensions\Microsoft.TestPlatform.Extensions.BlameDataCollector.dll
C:\Program Files (x86)\dotnet\sdk\8.0.303\Extensions\Microsoft.TestPlatform.Extensions.EventLogCollector.dll
C:\Program Files (x86)\dotnet\sdk\8.0.303\Extensions\Microsoft.TestPlatform.TestHostRuntimeProvider.dll
C:\Program Files (x86)\dotnet\sdk\8.0.303\Extensions\Microsoft.VisualStudio.TestPlatform.Extensions.Html.TestLogger.dll
C:\Program Files (x86)\dotnet\sdk\8.0.303\Extensions\Microsoft.VisualStudio.TestPlatform.Extensions.Trx.TestLogger.dll
TpTrace Information: 0 : 27488, 1, 2024/07/25, 20:06:28.379, 3577073585271, vstest.console.dll, AssemblyResolver.AddSearchDirectories: Adding more searchDirectories C:\Program Files (x86)\dotnet\sdk\8.0.303\Extensions,C:\Program Files (x86)\dotnet\sdk\8.0.303
TpTrace Information: 0 : 27488, 1, 2024/07/25, 20:06:28.379, 3577073585898, vstest.console.dll, AssemblyResolver.AddSearchDirectories: Adding more searchDirectories C:\Program Files (x86)\dotnet\sdk\8.0.303\Extensions,C:\Program Files (x86)\dotnet\sdk\8.0.303
TpTrace Information: 0 : 27488, 1, 2024/07/25, 20:06:28.379, 3577073586533, vstest.console.dll, AssemblyResolver.AddSearchDirectories: Adding more searchDirectories C:\Program Files (x86)\dotnet\sdk\8.0.303\Extensions,C:\Program Files (x86)\dotnet\sdk\8.0.303
TpTrace Information: 0 : 27488, 1, 2024/07/25, 20:06:28.379, 3577073587117, vstest.console.dll, AssemblyResolver.AddSearchDirectories: Adding more searchDirectories C:\Program Files (x86)\dotnet\sdk\8.0.303\Extensions,C:\Program Files (x86)\dotnet\sdk\8.0.303
TpTrace Information: 0 : 27488, 1, 2024/07/25, 20:06:28.379, 3577073587826, vstest.console.dll, AssemblyResolver.AddSearchDirectories: Adding more searchDirectories C:\Program Files (x86)\dotnet\sdk\8.0.303\Extensions,C:\Program Files (x86)\dotnet\sdk\8.0.303
TpTrace Information: 0 : 27488, 1, 2024/07/25, 20:06:28.380, 3577073588469, vstest.console.dll, AssemblyResolver.AddSearchDirectories: Adding more searchDirectories C:\Program Files (x86)\dotnet\sdk\8.0.303\Extensions,C:\Program Files (x86)\dotnet\sdk\8.0.303
TpTrace Verbose: 0 : 27488, 1, 2024/07/25, 20:06:28.380, 3577073589684, vstest.console.dll, MetadataReaderExtensionsHelper: Discovering extensions inside assembly 'Microsoft.Diagnostics.NETCore.Client, Version=0.2.10.15101, Culture=neutral, PublicKeyToken=31bf3856ad364e35' file path 'C:\Program Files (x86)\dotnet\sdk\8.0.303\Extensions\Microsoft.Diagnostics.NETCore.Client.dll'
TpTrace Information: 0 : 27488, 1, 2024/07/25, 20:06:28.380, 3577073595601, vstest.console.dll, AssemblyResolver.OnResolve: Microsoft.Bcl.AsyncInterfaces: Resolving assembly.
TpTrace Information: 0 : 27488, 1, 2024/07/25, 20:06:28.380, 3577073596352, vstest.console.dll, AssemblyResolver.OnResolve: Microsoft.Bcl.AsyncInterfaces: Resolved from cache.
TpTrace Verbose: 0 : 27488, 1, 2024/07/25, 20:06:28.380, 3577073596961, vstest.console.dll, CurrentDomainAssemblyResolve: Resolving assembly 'Microsoft.Bcl.AsyncInterfaces'.
TpTrace Information: 0 : 27488, 1, 2024/07/25, 20:06:28.380, 3577073597786, vstest.console.dll, AssemblyResolver.OnResolve: Microsoft.Bcl.AsyncInterfaces: Resolving assembly.
TpTrace Information: 0 : 27488, 1, 2024/07/25, 20:06:28.381, 3577073598426, vstest.console.dll, AssemblyResolver.OnResolve: Microsoft.Bcl.AsyncInterfaces: Resolved from cache.
TpTrace Verbose: 0 : 27488, 1, 2024/07/25, 20:06:28.381, 3577073598969, vstest.console.dll, CurrentDomainAssemblyResolve: Resolving assembly 'Microsoft.Bcl.AsyncInterfaces'.
TpTrace Verbose: 0 : 27488, 1, 2024/07/25, 20:06:28.381, 3577073599505, vstest.console.dll, CurrentDomainAssemblyResolve: Failed to resolve assembly 'Microsoft.Bcl.AsyncInterfaces'.
TpTrace Verbose: 0 : 27488, 1, 2024/07/25, 20:06:28.381, 3577073600982, vstest.console.dll, CurrentDomainAssemblyResolve: Failed to resolve assembly 'Microsoft.Bcl.AsyncInterfaces'.
TpTrace Warning: 0 : 27488, 1, 2024/07/25, 20:06:28.381, 3577073604105, vstest.console.dll, TestPluginDiscoverer: Failed to get types from assembly 'Microsoft.Diagnostics.NETCore.Client, Version=0.2.10.15101, Culture=neutral, PublicKeyToken=31bf3856ad364e35'. Error: System.Reflection.ReflectionTypeLoadException: Unable to load one or more of the requested types.
Could not load file or assembly 'Microsoft.Bcl.AsyncInterfaces, Version=6.0.0.0, Culture=neutral, PublicKeyToken=cc7b13ffcd2ddd51'. The system cannot find the file specified.
   at System.Reflection.RuntimeModule.GetTypes(RuntimeModule module)
   at System.Reflection.RuntimeModule.GetTypes()
   at System.Reflection.Assembly.GetTypes()
   at Microsoft.VisualStudio.TestPlatform.Common.ExtensionFramework.TestPluginDiscoverer.GetTestExtensionsFromAssembly[TPluginInfo,TExtension](Assembly assembly, Dictionary`2 pluginInfos, String filePath) in /_/src/Microsoft.TestPlatform.Common/ExtensionFramework/TestPluginDiscoverer.cs:line 158
System.IO.FileNotFoundException: Could not load file or assembly 'Microsoft.Bcl.AsyncInterfaces, Version=6.0.0.0, Culture=neutral, PublicKeyToken=cc7b13ffcd2ddd51'. The system cannot find the file specified.
File name: 'Microsoft.Bcl.AsyncInterfaces, Version=6.0.0.0, Culture=neutral, PublicKeyToken=cc7b13ffcd2ddd51'
 ---> System.IO.FileNotFoundException: Could not load file or assembly 'Microsoft.Bcl.AsyncInterfaces, Culture=neutral, PublicKeyToken=null'. The system cannot find the file specified.
File name: 'Microsoft.Bcl.AsyncInterfaces, Culture=neutral, PublicKeyToken=null'
   at System.Reflection.RuntimeAssembly.InternalLoad(AssemblyName assemblyName, StackCrawlMark& stackMark, AssemblyLoadContext assemblyLoadContext, RuntimeAssembly requestingAssembly, Boolean throwOnFileNotFound)
   at System.Reflection.Assembly.Load(AssemblyName assemblyRef)
   at Microsoft.VisualStudio.TestPlatform.Common.ExtensionFramework.TestPluginCache.CurrentDomainAssemblyResolve(Object sender, AssemblyResolveEventArgs args) in /_/src/Microsoft.TestPlatform.Common/ExtensionFramework/TestPluginCache.cs:line 513
   at Microsoft.VisualStudio.TestPlatform.PlatformAbstractions.PlatformAssemblyResolver.AssemblyResolverEvent(Object sender, Object eventArgs) in /_/src/Microsoft.TestPlatform.PlatformAbstractions/netcore/Runtime/PlatformAssemblyResolver.cs:line 74
   at System.Runtime.Loader.AssemblyLoadContext.GetFirstResolvedAssemblyFromResolvingEvent(AssemblyName assemblyName)
   at System.Runtime.Loader.AssemblyLoadContext.ResolveUsingEvent(AssemblyName assemblyName)
   at System.Runtime.Loader.AssemblyLoadContext.ResolveUsingResolvingEvent(IntPtr gchManagedAssemblyLoadContext, AssemblyName assemblyName)
TpTrace Warning: 0 : 27488, 1, 2024/07/25, 20:06:28.381, 3577073605765, vstest.console.dll, LoaderExceptions: System.IO.FileNotFoundException: Could not load file or assembly 'Microsoft.Bcl.AsyncInterfaces, Version=6.0.0.0, Culture=neutral, PublicKeyToken=cc7b13ffcd2ddd51'. The system cannot find the file specified.
File name: 'Microsoft.Bcl.AsyncInterfaces, Version=6.0.0.0, Culture=neutral, PublicKeyToken=cc7b13ffcd2ddd51'
 ---> System.IO.FileNotFoundException: Could not load file or assembly 'Microsoft.Bcl.AsyncInterfaces, Culture=neutral, PublicKeyToken=null'. The system cannot find the file specified.
File name: 'Microsoft.Bcl.AsyncInterfaces, Culture=neutral, PublicKeyToken=null'
   at System.Reflection.RuntimeAssembly.InternalLoad(AssemblyName assemblyName, StackCrawlMark& stackMark, AssemblyLoadContext assemblyLoadContext, RuntimeAssembly requestingAssembly, Boolean throwOnFileNotFound)
   at System.Reflection.Assembly.Load(AssemblyName assemblyRef)
   at Microsoft.VisualStudio.TestPlatform.Common.ExtensionFramework.TestPluginCache.CurrentDomainAssemblyResolve(Object sender, AssemblyResolveEventArgs args) in /_/src/Microsoft.TestPlatform.Common/ExtensionFramework/TestPluginCache.cs:line 513
   at Microsoft.VisualStudio.TestPlatform.PlatformAbstractions.PlatformAssemblyResolver.AssemblyResolverEvent(Object sender, Object eventArgs) in /_/src/Microsoft.TestPlatform.PlatformAbstractions/netcore/Runtime/PlatformAssemblyResolver.cs:line 74
   at System.Runtime.Loader.AssemblyLoadContext.GetFirstResolvedAssemblyFromResolvingEvent(AssemblyName assemblyName)
   at System.Runtime.Loader.AssemblyLoadContext.ResolveUsingEvent(AssemblyName assemblyName)
   at System.Runtime.Loader.AssemblyLoadContext.ResolveUsingResolvingEvent(IntPtr gchManagedAssemblyLoadContext, AssemblyName assemblyName)
TpTrace Verbose: 0 : 27488, 1, 2024/07/25, 20:06:28.381, 3577073606861, vstest.console.dll, MetadataReaderExtensionsHelper: Discovering extensions inside assembly 'Microsoft.TestPlatform.Extensions.BlameDataCollector, Version=15.0.0.0, Culture=neutral, PublicKeyToken=b03f5f7f11d50a3a' file path 'C:\Program Files (x86)\dotnet\sdk\8.0.303\Extensions\Microsoft.TestPlatform.Extensions.BlameDataCollector.dll'
TpTrace Information: 0 : 27488, 1, 2024/07/25, 20:06:28.382, 3577073610511, vstest.console.dll, GetTestExtensionFromType: Register extension with identifier data 'logger://Microsoft/TestPlatform/Extensions/Blame/v1' and type 'Microsoft.TestPlatform.Extensions.BlameDataCollector.BlameLogger, Microsoft.TestPlatform.Extensions.BlameDataCollector, Version=15.0.0.0, Culture=neutral, PublicKeyToken=b03f5f7f11d50a3a' inside file 'C:\Program Files (x86)\dotnet\sdk\8.0.303\Extensions\Microsoft.TestPlatform.Extensions.BlameDataCollector.dll'
TpTrace Verbose: 0 : 27488, 1, 2024/07/25, 20:06:28.382, 3577073611346, vstest.console.dll, MetadataReaderExtensionsHelper: Discovering extensions inside assembly 'Microsoft.TestPlatform.Extensions.EventLogCollector, Version=15.0.0.0, Culture=neutral, PublicKeyToken=b03f5f7f11d50a3a' file path 'C:\Program Files (x86)\dotnet\sdk\8.0.303\Extensions\Microsoft.TestPlatform.Extensions.EventLogCollector.dll'
TpTrace Verbose: 0 : 27488, 1, 2024/07/25, 20:06:28.382, 3577073613882, vstest.console.dll, MetadataReaderExtensionsHelper: Discovering extensions inside assembly 'Microsoft.TestPlatform.TestHostRuntimeProvider, Version=15.0.0.0, Culture=neutral, PublicKeyToken=b03f5f7f11d50a3a' file path 'C:\Program Files (x86)\dotnet\sdk\8.0.303\Extensions\Microsoft.TestPlatform.TestHostRuntimeProvider.dll'
TpTrace Verbose: 0 : 27488, 1, 2024/07/25, 20:06:28.382, 3577073616558, vstest.console.dll, MetadataReaderExtensionsHelper: Discovering extensions inside assembly 'Microsoft.VisualStudio.TestPlatform.Extensions.Html.TestLogger, Version=15.0.0.0, Culture=neutral, PublicKeyToken=b03f5f7f11d50a3a' file path 'C:\Program Files (x86)\dotnet\sdk\8.0.303\Extensions\Microsoft.VisualStudio.TestPlatform.Extensions.Html.TestLogger.dll'
TpTrace Information: 0 : 27488, 1, 2024/07/25, 20:06:28.383, 3577073621087, vstest.console.dll, GetTestExtensionFromType: Register extension with identifier data 'logger://Microsoft/TestPlatform/HtmlLogger/v1' and type 'Microsoft.VisualStudio.TestPlatform.Extensions.HtmlLogger.HtmlLogger, Microsoft.VisualStudio.TestPlatform.Extensions.Html.TestLogger, Version=15.0.0.0, Culture=neutral, PublicKeyToken=b03f5f7f11d50a3a' inside file 'C:\Program Files (x86)\dotnet\sdk\8.0.303\Extensions\Microsoft.VisualStudio.TestPlatform.Extensions.Html.TestLogger.dll'
TpTrace Verbose: 0 : 27488, 1, 2024/07/25, 20:06:28.383, 3577073621936, vstest.console.dll, MetadataReaderExtensionsHelper: Discovering extensions inside assembly 'Microsoft.VisualStudio.TestPlatform.Extensions.Trx.TestLogger, Version=15.0.0.0, Culture=neutral, PublicKeyToken=b03f5f7f11d50a3a' file path 'C:\Program Files (x86)\dotnet\sdk\8.0.303\Extensions\Microsoft.VisualStudio.TestPlatform.Extensions.Trx.TestLogger.dll'
TpTrace Information: 0 : 27488, 1, 2024/07/25, 20:06:28.383, 3577073625058, vstest.console.dll, GetTestExtensionFromType: Register extension with identifier data 'logger://Microsoft/TestPlatform/TrxLogger/v1' and type 'Microsoft.VisualStudio.TestPlatform.Extensions.TrxLogger.TrxLogger, Microsoft.VisualStudio.TestPlatform.Extensions.Trx.TestLogger, Version=15.0.0.0, Culture=neutral, PublicKeyToken=b03f5f7f11d50a3a' inside file 'C:\Program Files (x86)\dotnet\sdk\8.0.303\Extensions\Microsoft.VisualStudio.TestPlatform.Extensions.Trx.TestLogger.dll'
TpTrace Verbose: 0 : 27488, 1, 2024/07/25, 20:06:28.383, 3577073625949, vstest.console.dll, TestPluginCache: Discovered the extensions using extension path ''.
TpTrace Verbose: 0 : 27488, 1, 2024/07/25, 20:06:28.383, 3577073626529, vstest.console.dll, TestPluginCache: Discoverers are ''.
TpTrace Verbose: 0 : 27488, 1, 2024/07/25, 20:06:28.383, 3577073627057, vstest.console.dll, TestPluginCache: Executors are ''.
TpTrace Verbose: 0 : 27488, 1, 2024/07/25, 20:06:28.384, 3577073628430, vstest.console.dll, TestPluginCache: Executors2 are ''.
TpTrace Verbose: 0 : 27488, 1, 2024/07/25, 20:06:28.384, 3577073629698, vstest.console.dll, TestPluginCache: Setting providers are ''.
TpTrace Verbose: 0 : 27488, 1, 2024/07/25, 20:06:28.384, 3577073630855, vstest.console.dll, TestPluginCache: Loggers are 'logger://Microsoft/TestPlatform/Extensions/Blame/v1,logger://Microsoft/TestPlatform/HtmlLogger/v1,logger://Microsoft/TestPlatform/TrxLogger/v1'.
TpTrace Verbose: 0 : 27488, 1, 2024/07/25, 20:06:28.384, 3577073631524, vstest.console.dll, TestPluginCache: TestHosts are 'HostProvider://DefaultTestHost,HostProvider://DotnetTestHost'.
TpTrace Verbose: 0 : 27488, 1, 2024/07/25, 20:06:28.384, 3577073632117, vstest.console.dll, TestPluginCache: DataCollectors are ''.
TpTrace Information: 0 : 27488, 1, 2024/07/25, 20:06:28.385, 3577073639395, vstest.console.dll, TestPluginManager.CreateTestExtension: Attempting to load test extension: Microsoft.TestPlatform.Extensions.BlameDataCollector.BlameLogger
TpTrace Verbose: 0 : 27488, 1, 2024/07/25, 20:06:28.391, 3577073707811, vstest.console.dll, TestEngine: Initializing Parallel Execution as MaxCpuCount is set to: 1
TpTrace Information: 0 : 27488, 1, 2024/07/25, 20:06:28.393, 3577073721208, vstest.console.dll, TestPluginManager.CreateTestExtension: Attempting to load test extension: Microsoft.VisualStudio.TestPlatform.CrossPlatEngine.Hosting.DefaultTestHostManager
TpTrace Information: 0 : 27488, 1, 2024/07/25, 20:06:28.394, 3577073728215, vstest.console.dll, TestPluginManager.CreateTestExtension: Attempting to load test extension: Microsoft.VisualStudio.TestPlatform.CrossPlatEngine.Hosting.DotnetTestHostManager
TpTrace Information: 0 : 27488, 1, 2024/07/25, 20:06:28.394, 3577073732337, vstest.console.dll, InferRunSettingsHelper.IsTestSettingsEnabled: Unable to navigate to RunSettings/MSTest. Current node: RunSettings
TpTrace Verbose: 0 : 27488, 1, 2024/07/25, 20:06:28.394, 3577073737667, vstest.console.dll, ParallelOperationManager.ClearSlots: Clearing all slots. Slots should accept more work: True
TpTrace Verbose: 0 : 27488, 1, 2024/07/25, 20:06:28.395, 3577073743245, vstest.console.dll, ParallelOperationManager.SetOccupiedSlotCount: Setting slot counts AvailableSlotCount = 1, OccupiedSlotCount = 0.
TpTrace Verbose: 0 : 27488, 1, 2024/07/25, 20:06:28.395, 3577073746198, vstest.console.dll, Occupied slots:

TpTrace Verbose: 0 : 27488, 1, 2024/07/25, 20:06:28.399, 3577073779956, vstest.console.dll, TestEngine.GetExecutionManager: Chosen execution manager 'Microsoft.VisualStudio.TestPlatform.CrossPlatEngine.Client.Parallel.ParallelProxyExecutionManager, Microsoft.TestPlatform.CrossPlatEngine, Version=15.0.0.0, Culture=neutral, PublicKeyToken=b03f5f7f11d50a3a' ParallelLevel '1'.
TpTrace Verbose: 0 : 27488, 1, 2024/07/25, 20:06:28.399, 3577073781595, vstest.console.dll, TestRunRequest.ExecuteAsync: Creating test run request.
TpTrace Verbose: 0 : 27488, 1, 2024/07/25, 20:06:28.399, 3577073783743, vstest.console.dll, TestRunRequest.ExecuteAsync: Starting.
TpTrace Information: 0 : 27488, 1, 2024/07/25, 20:06:28.400, 3577073795139, vstest.console.dll, TestRunRequest.ExecuteAsync: Starting run with settings:TestRunCriteria:
   KeepAlive=False,FrequencyOfRunStatsChangeEvent=10,RunStatsChangeEventTimeout=00:00:01.5000000,TestCaseFilter=,TestExecutorLauncher=
   Settingsxml=<RunSettings>
  <RunConfiguration>
    <ResultsDirectory>D:\SoftUni\Front-End-Test-Automation-July-2024\12.Automation Architectures\TestPracticeProject\TestProjects\bin\Debug\net8.0\fine-code-coverage\coverage-tool-output</ResultsDirectory>
    <TargetPlatform>X86</TargetPlatform>
    <TargetFrameworkVersion>.NETCoreApp,Version=v8.0</TargetFrameworkVersion>
    <DesignMode>False</DesignMode>
    <CollectSourceInformation>False</CollectSourceInformation>
  </RunConfiguration>
  <LoggerRunSettings>
    <Loggers>
      <Logger friendlyName="blame" enabled="True" />
      <Logger friendlyName="Console" uri="logger://microsoft/TestPlatform/ConsoleLogger/v1" assemblyQualifiedName="Microsoft.VisualStudio.TestPlatform.CommandLine.Internal.ConsoleLogger, vstest.console, Version=15.0.0.0, Culture=neutral, PublicKeyToken=b03f5f7f11d50a3a" codeBase="C:\Program Files (x86)\dotnet\sdk\8.0.303\vstest.console.dll" enabled="True" />
    </Loggers>
  </LoggerRunSettings>
  <DataCollectionRunSettings>
    <DataCollectors>
      <DataCollector friendlyName="blame" enabled="True">
        <Configuration>
          <ResultsDirectory>D:\SoftUni\Front-End-Test-Automation-July-2024\12.Automation Architectures\TestPracticeProject\TestProjects\bin\Debug\net8.0\fine-code-coverage\coverage-tool-output</ResultsDirectory>
        </Configuration>
      </DataCollector>
    </DataCollectors>
  </DataCollectionRunSettings>
</RunSettings>

TpTrace Verbose: 0 : 27488, 1, 2024/07/25, 20:06:28.400, 3577073795989, vstest.console.dll, TestRunRequest.ExecuteAsync: Wait for the first run request is over.
TpTrace Verbose: 0 : 27488, 1, 2024/07/25, 20:06:28.401, 3577073798606, vstest.console.dll, MulticastDelegateUtilities.SafeInvoke: TestRun.TestRunStart: Invoking callbacks was skipped because there are no subscribers.
TpTrace Verbose: 0 : 27488, 4, 2024/07/25, 20:06:28.401, 3577073800666, vstest.console.dll, MulticastDelegateUtilities.SafeInvoke: InternalTestLoggerEvents.SendTestRunStart: Invoking callback 1/1 for Microsoft.VisualStudio.TestPlatform.CommandLine.Internal.ConsoleLogger., took 0 ms.
TpTrace Verbose: 0 : 27488, 1, 2024/07/25, 20:06:28.401, 3577073806822, vstest.console.dll, ParallelProxyExecutionManager: Start execution. Total sources: 1
TpTrace Verbose: 0 : 27488, 1, 2024/07/25, 20:06:28.402, 3577073809971, vstest.console.dll, ParallelOperationManager.StartWork: Starting adding 1 workloads.
TpTrace Verbose: 0 : 27488, 1, 2024/07/25, 20:06:28.402, 3577073810867, vstest.console.dll, ParallelOperationManager.ClearSlots: Clearing all slots. Slots should accept more work: True
TpTrace Verbose: 0 : 27488, 1, 2024/07/25, 20:06:28.402, 3577073811728, vstest.console.dll, ParallelOperationManager.SetOccupiedSlotCount: Setting slot counts AvailableSlotCount = 1, OccupiedSlotCount = 0.
TpTrace Verbose: 0 : 27488, 1, 2024/07/25, 20:06:28.402, 3577073812353, vstest.console.dll, Occupied slots:

TpTrace Verbose: 0 : 27488, 1, 2024/07/25, 20:06:28.403, 3577073823377, vstest.console.dll, TestRequestSender is acting as server.
TpTrace Verbose: 0 : 27488, 1, 2024/07/25, 20:06:28.404, 3577073832499, vstest.console.dll, ParallelOperationManager.RunWorkInParallel: Adding 1 workload to slot, remaining workloads 0.
TpTrace Verbose: 0 : 27488, 1, 2024/07/25, 20:06:28.404, 3577073833312, vstest.console.dll, ParallelOperationManager.SetOccupiedSlotCount: Setting slot counts AvailableSlotCount = 0, OccupiedSlotCount = 1.
TpTrace Verbose: 0 : 27488, 1, 2024/07/25, 20:06:28.404, 3577073834449, vstest.console.dll, Occupied slots:
0: D:\SoftUni\Front-End-Test-Automation-July-2024\12.Automation Architectures\TestPracticeProject\TestProjects\bin\Debug\net8.0\fine-code-coverage\build-output\TestProject.dll
TpTrace Verbose: 0 : 27488, 1, 2024/07/25, 20:06:28.405, 3577073843994, vstest.console.dll, ParallelOperationManager.RunWorkInParallel: Started host in slot number 0 for work (source): D:\SoftUni\Front-End-Test-Automation-July-2024\12.Automation Architectures\TestPracticeProject\TestProjects\bin\Debug\net8.0\fine-code-coverage\build-output\TestProject.dll.
TpTrace Verbose: 0 : 27488, 1, 2024/07/25, 20:06:28.406, 3577073854175, vstest.console.dll, ParallelOperationManager.RunWorkInParallel: We started 1 work items, which is the max parallel level. Won't start more work.
TpTrace Verbose: 0 : 27488, 1, 2024/07/25, 20:06:28.406, 3577073855225, vstest.console.dll, ParallelOperationManager.RunWorkInParallel: We started 1 work items in here, returning True.
TpTrace Information: 0 : 27488, 1, 2024/07/25, 20:06:28.406, 3577073855845, vstest.console.dll, TestRunRequest.ExecuteAsync: Started.
TpTrace Verbose: 0 : 27488, 5, 2024/07/25, 20:06:28.406, 3577073855909, vstest.console.dll, ParallelProxyExecutionManager.StartTestRunOnConcurrentManager: Initializing uninitialized client. Started clients: 0
TpTrace Verbose: 0 : 27488, 5, 2024/07/25, 20:06:28.407, 3577073858189, vstest.console.dll, DataCollectionRequestSender.InitializeCommunication : Initialize communication. 
TpTrace Verbose: 0 : 27488, 1, 2024/07/25, 20:06:28.407, 3577073862390, vstest.console.dll, TestRunRequest.WaitForCompletion: Waiting with timeout -1.
TpTrace Information: 0 : 27488, 5, 2024/07/25, 20:06:28.414, 3577073936008, vstest.console.dll, Listening on Endpoint : 127.0.0.1:55420
TpTrace Verbose: 0 : 27488, 5, 2024/07/25, 20:06:28.419, 3577073987949, vstest.console.dll, DotnetDataCollectionLauncher: Adding  --runtimeconfig "C:\Program Files (x86)\dotnet\sdk\8.0.303\datacollector.runtimeconfig.json" in args
TpTrace Verbose: 0 : 27488, 5, 2024/07/25, 20:06:28.420, 3577073989420, vstest.console.dll, DotnetDataCollectionLauncher: Adding  --depsfile "C:\Program Files (x86)\dotnet\sdk\8.0.303\datacollector.deps.json" in args
TpTrace Verbose: 0 : 27488, 5, 2024/07/25, 20:06:28.420, 3577073992140, vstest.console.dll, DotnetDataCollectionLauncher: Full path of dotnet.exe is C:\Program Files (x86)\dotnet\dotnet.exe
TpTrace Information: 0 : 27488, 5, 2024/07/25, 20:06:28.427, 3577074067556, vstest.console.dll, ProxyDataCollectionManager.Initialize: Launched datacollector processId: 10332 port: 55420
TpTrace Information: 0 : 27488, 5, 2024/07/25, 20:06:28.428, 3577074069066, vstest.console.dll, ProxyDataCollectionManager.Initialize: waiting for connection with timeout: 90 seconds
TpTrace Verbose: 0 : 27488, 5, 2024/07/25, 20:06:28.428, 3577074069823, vstest.console.dll, DataCollectionRequestSender.WaitForRequestHandlerConnection : Waiting for connection with timeout: 90000
TpTrace Information: 0 : 27488, 7, 2024/07/25, 20:06:28.584, 3577075635204, vstest.console.dll, Using the buffer size of 16384 bytes
TpTrace Verbose: 0 : 27488, 5, 2024/07/25, 20:06:28.584, 3577075635876, vstest.console.dll, SocketCommunicationManager.WaitForClientConnection took: 156 ms, with 90000 ms timeout, and finished with True.
TpTrace Information: 0 : 27488, 7, 2024/07/25, 20:06:28.584, 3577075636436, vstest.console.dll, Accepted Client request and set the flag
TpTrace Verbose: 0 : 27488, 5, 2024/07/25, 20:06:28.584, 3577075637895, vstest.console.dll, ProxyDataCollectionManager.InvokeDataCollectionServiceAction: Starting.
TpTrace Information: 0 : 27488, 5, 2024/07/25, 20:06:28.585, 3577075639690, vstest.console.dll, ProxyDataCollectionManager.BeforeTestRunStart: Get environment variable and port for datacollector processId: 10332 port: 55420
TpTrace Verbose: 0 : 27488, 5, 2024/07/25, 20:06:28.585, 3577075640924, vstest.console.dll, DataCollectionRequestSender.SendBeforeTestRunStartAndGetResult: Send BeforeTestRunStart message with settingsXml <RunSettings><RunConfiguration><ResultsDirectory>D:\SoftUni\Front-End-Test-Automation-July-2024\12.Automation Architectures\TestPracticeProject\TestProjects\bin\Debug\net8.0\fine-code-coverage\coverage-tool-output</ResultsDirectory><TargetPlatform>X86</TargetPlatform><TargetFrameworkVersion>.NETCoreApp,Version=v8.0</TargetFrameworkVersion><DesignMode>False</DesignMode><CollectSourceInformation>False</CollectSourceInformation><TestAdaptersPaths>C:\Program Files (x86)\dotnet\sdk\8.0.303\Extensions</TestAdaptersPaths></RunConfiguration><LoggerRunSettings><Loggers><Logger friendlyName="blame" enabled="True" /><Logger friendlyName="Console" uri="logger://microsoft/TestPlatform/ConsoleLogger/v1" assemblyQualifiedName="Microsoft.VisualStudio.TestPlatform.CommandLine.Internal.ConsoleLogger, vstest.console, Version=15.0.0.0, Culture=neutral, PublicKeyToken=b03f5f7f11d50a3a" codeBase="C:\Program Files (x86)\dotnet\sdk\8.0.303\vstest.console.dll" enabled="True" /></Loggers></LoggerRunSettings><DataCollectionRunSettings><DataCollectors><DataCollector friendlyName="blame" enabled="True"><Configuration><ResultsDirectory>D:\SoftUni\Front-End-Test-Automation-July-2024\12.Automation Architectures\TestPracticeProject\TestProjects\bin\Debug\net8.0\fine-code-coverage\coverage-tool-output</ResultsDirectory></Configuration></DataCollector></DataCollectors></DataCollectionRunSettings></RunSettings> and sources System.Collections.Generic.List`1[System.String]: 
TpTrace Verbose: 0 : 27488, 5, 2024/07/25, 20:06:28.634, 3577076132315, vstest.console.dll, DataCollectionRequestSender.SendBeforeTestRunStartAndGetResult: Received message: (DataCollection.SendMessage) -> {"MessageType":"DataCollection.SendMessage","Payload":{"FriendlyName":null,"Uri":null,"TestCaseId":"00000000-0000-0000-0000-000000000000","Message":"Logging DataCollector Diagnostics in file: D:\\SoftUni\\Front-End-Test-Automation-July-2024\\12.Automation Architectures\\TestPracticeProject\\TestProjects\\bin\\Debug\\net8.0\\fine-code-coverage\\coverage-tool-output\\diagnostics.datacollector.24-07-25_20-06-28_41978_5.log","Level":0}}
TpTrace Verbose: 0 : 27488, 5, 2024/07/25, 20:06:28.704, 3577076831833, vstest.console.dll, DataCollectionRequestSender.SendBeforeTestRunStartAndGetResult: Received message: (DataCollection.BeforeTestRunStartResult) -> {"MessageType":"DataCollection.BeforeTestRunStartResult","Payload":{"EnvironmentVariables":{},"DataCollectionEventsPort":55422}}
TpTrace Information: 0 : 27488, 5, 2024/07/25, 20:06:28.707, 3577076865655, vstest.console.dll, ProxyDataCollectionManager.BeforeTestRunStart: SendBeforeTestRunStartAndGetResult successful, env variable from datacollector:   and testhost port: 55422
TpTrace Information: 0 : 27488, 5, 2024/07/25, 20:06:28.707, 3577076866726, vstest.console.dll, ProxyDataCollectionManager.InvokeDataCollectionServiceAction: Completed.
TpTrace Verbose: 0 : 27488, 5, 2024/07/25, 20:06:28.707, 3577076867388, vstest.console.dll, ParallelProxyExecutionManager.StartTestRunOnConcurrentManager: Initializing test run. Started clients: 0
TpTrace Verbose: 0 : 27488, 5, 2024/07/25, 20:06:28.708, 3577076868421, vstest.console.dll, ProxyExecutionManager: Test host is always Lazy initialize.
TpTrace Verbose: 0 : 27488, 5, 2024/07/25, 20:06:28.708, 3577076870165, vstest.console.dll, TestRequestSender.InitializeCommunication: initialize communication. 
TpTrace Information: 0 : 27488, 5, 2024/07/25, 20:06:28.708, 3577076875181, vstest.console.dll, SocketServer.Start: Listening on endpoint : 127.0.0.1:55423
TpTrace Verbose: 0 : 27488, 5, 2024/07/25, 20:06:28.709, 3577076881063, vstest.console.dll, DotnetTestHostmanager.GetTestHostProcessStartInfo: Platform environment 'X64' target architecture 'X86' framework '.NETCoreApp,Version=v8.0' OS 'Windows'
TpTrace Verbose: 0 : 27488, 5, 2024/07/25, 20:06:28.709, 3577076882614, vstest.console.dll, DotnetTestHostmanager: Adding  --runtimeconfig "D:\SoftUni\Front-End-Test-Automation-July-2024\12.Automation Architectures\TestPracticeProject\TestProjects\bin\Debug\net8.0\fine-code-coverage\build-output\TestProject.runtimeconfig.json" in args
TpTrace Verbose: 0 : 27488, 5, 2024/07/25, 20:06:28.709, 3577076883460, vstest.console.dll, DotnetTestHostmanager: Adding  --depsfile "D:\SoftUni\Front-End-Test-Automation-July-2024\12.Automation Architectures\TestPracticeProject\TestProjects\bin\Debug\net8.0\fine-code-coverage\build-output\TestProject.deps.json" in args
TpTrace Verbose: 0 : 27488, 5, 2024/07/25, 20:06:28.709, 3577076885189, vstest.console.dll, DotnetTestHostmanager.IsWinOnArm: Current PROCESSOR_ARCHITECTURE from environment variable 'AMD64'
TpTrace Verbose: 0 : 27488, 5, 2024/07/25, 20:06:28.709, 3577076885966, vstest.console.dll, DotnetTestHostmanager.IsWinOnArm: Is Windows on ARM 'False'
TpTrace Information: 0 : 27488, 5, 2024/07/25, 20:06:28.709, 3577076887250, vstest.console.dll, AssemblyResolver.OnResolve: Microsoft.Extensions.DependencyModel: Resolving assembly.
TpTrace Information: 0 : 27488, 5, 2024/07/25, 20:06:28.709, 3577076887973, vstest.console.dll, AssemblyResolver.OnResolve: Microsoft.Extensions.DependencyModel: Searching in: 'C:\Program Files (x86)\dotnet\sdk\8.0.303\Extensions'.
TpTrace Information: 0 : 27488, 5, 2024/07/25, 20:06:28.710, 3577076889130, vstest.console.dll, AssemblyResolver.OnResolve: Microsoft.Extensions.DependencyModel: Assembly path does not exist: 'C:\Program Files (x86)\dotnet\sdk\8.0.303\Extensions\Microsoft.Extensions.DependencyModel.dll', returning.
TpTrace Information: 0 : 27488, 5, 2024/07/25, 20:06:28.710, 3577076890158, vstest.console.dll, AssemblyResolver.OnResolve: Microsoft.Extensions.DependencyModel: Assembly path does not exist: 'C:\Program Files (x86)\dotnet\sdk\8.0.303\Extensions\Microsoft.Extensions.DependencyModel.exe', returning.
TpTrace Information: 0 : 27488, 5, 2024/07/25, 20:06:28.710, 3577076890746, vstest.console.dll, AssemblyResolver.OnResolve: Microsoft.Extensions.DependencyModel: Searching in: 'C:\Program Files (x86)\dotnet\sdk\8.0.303'.
TpTrace Information: 0 : 27488, 5, 2024/07/25, 20:06:28.710, 3577076893700, vstest.console.dll, AssemblyResolver.OnResolve: Microsoft.Extensions.DependencyModel: Loading assembly 'C:\Program Files (x86)\dotnet\sdk\8.0.303\Microsoft.Extensions.DependencyModel.dll'.
TpTrace Information: 0 : 27488, 5, 2024/07/25, 20:06:28.711, 3577076899329, vstest.console.dll, AssemblyResolver.OnResolve: Resolved assembly: Microsoft.Extensions.DependencyModel, from path: C:\Program Files (x86)\dotnet\sdk\8.0.303\Microsoft.Extensions.DependencyModel.dll
TpTrace Verbose: 0 : 27488, 5, 2024/07/25, 20:06:28.711, 3577076901692, vstest.console.dll, DotnetTestHostmanager: Runtimeconfig.dev.json D:\SoftUni\Front-End-Test-Automation-July-2024\12.Automation Architectures\TestPracticeProject\TestProjects\bin\Debug\net8.0\fine-code-coverage\build-output\TestProject.runtimeconfig.dev.json does not exist.
TpTrace Verbose: 0 : 27488, 5, 2024/07/25, 20:06:28.711, 3577076902529, vstest.console.dll, DotnetTestHostManager: Found testhost.dll in source directory: D:\SoftUni\Front-End-Test-Automation-July-2024\12.Automation Architectures\TestPracticeProject\TestProjects\bin\Debug\net8.0\fine-code-coverage\build-output\testhost.dll.
TpTrace Verbose: 0 : 27488, 5, 2024/07/25, 20:06:28.711, 3577076903319, vstest.console.dll, DotnetTestHostmanager: Current process architetcure 'X86'
TpTrace Verbose: 0 : 27488, 5, 2024/07/25, 20:06:28.711, 3577076906015, vstest.console.dll, DotnetTestHostmanager.LaunchTestHostAsync: Compatible muxer architecture of running process 'X86' and target architecture 'X86'
TpTrace Verbose: 0 : 27488, 5, 2024/07/25, 20:06:28.711, 3577076906649, vstest.console.dll, DotnetTestHostmanager: Full path of testhost.dll is D:\SoftUni\Front-End-Test-Automation-July-2024\12.Automation Architectures\TestPracticeProject\TestProjects\bin\Debug\net8.0\fine-code-coverage\build-output\testhost.dll
TpTrace Verbose: 0 : 27488, 5, 2024/07/25, 20:06:28.711, 3577076907699, vstest.console.dll, DotnetTestHostmanager: Full path of host exe is C:\Program Files (x86)\dotnet\dotnet.exe
TpTrace Verbose: 0 : 27488, 5, 2024/07/25, 20:06:28.712, 3577076909409, vstest.console.dll, DotnetTestHostManager: Starting process 'C:\Program Files (x86)\dotnet\dotnet.exe' with command line 'exec --runtimeconfig "D:\SoftUni\Front-End-Test-Automation-July-2024\12.Automation Architectures\TestPracticeProject\TestProjects\bin\Debug\net8.0\fine-code-coverage\build-output\TestProject.runtimeconfig.json" --depsfile "D:\SoftUni\Front-End-Test-Automation-July-2024\12.Automation Architectures\TestPracticeProject\TestProjects\bin\Debug\net8.0\fine-code-coverage\build-output\TestProject.deps.json" "D:\SoftUni\Front-End-Test-Automation-July-2024\12.Automation Architectures\TestPracticeProject\TestProjects\bin\Debug\net8.0\fine-code-coverage\build-output\testhost.dll" --port 55423 --endpoint 127.0.0.1:055423 --role client --parentprocessid 27488 --diag "D:\SoftUni\Front-End-Test-Automation-July-2024\12.Automation Architectures\TestPracticeProject\TestProjects\bin\Debug\net8.0\fine-code-coverage\coverage-tool-output\diagnostics.host.24-07-25_20-06-28_70901_5.log" --tracelevel 4 --datacollectionport 55422 --telemetryoptedin false'
TpTrace Verbose: 0 : 27488, 5, 2024/07/25, 20:06:28.718, 3577076970150, vstest.console.dll, MulticastDelegateUtilities.SafeInvoke: HostProviderEvents.OnHostLaunched: Invoking callback 1/2 for Microsoft.VisualStudio.TestPlatform.CrossPlatEngine.Client.ProxyExecutionManagerWithDataCollection., took 0 ms.
TpTrace Verbose: 0 : 27488, 5, 2024/07/25, 20:06:28.718, 3577076972530, vstest.console.dll, Test Runtime launched
TpTrace Verbose: 0 : 27488, 5, 2024/07/25, 20:06:28.718, 3577076973309, vstest.console.dll, MulticastDelegateUtilities.SafeInvoke: HostProviderEvents.OnHostLaunched: Invoking callback 2/2 for Microsoft.VisualStudio.TestPlatform.CrossPlatEngine.Client.ProxyOperationManager., took 0 ms.
TpTrace Verbose: 0 : 27488, 5, 2024/07/25, 20:06:28.718, 3577076974611, vstest.console.dll, TestRequestSender.WaitForRequestHandlerConnection: waiting for connection with timeout: 90000.
TpTrace Verbose: 0 : 27488, 7, 2024/07/25, 20:06:28.898, 3577078771448, vstest.console.dll, MulticastDelegateUtilities.SafeInvoke: SocketServer: ClientConnected: Invoking callback 1/1 for Microsoft.VisualStudio.TestPlatform.CommunicationUtilities.TestRequestSender., took 0 ms.
TpTrace Verbose: 0 : 27488, 7, 2024/07/25, 20:06:28.898, 3577078772955, vstest.console.dll, SocketServer.OnClientConnected: Client connected for endPoint: 127.0.0.1:55423, starting MessageLoopAsync:
TpTrace Verbose: 0 : 27488, 5, 2024/07/25, 20:06:28.898, 3577078771965, vstest.console.dll, TestRequestSender.WaitForRequestHandlerConnection: waiting took 179 ms, with timeout 90000 ms, and result 0, which is success.
TpTrace Verbose: 0 : 27488, 7, 2024/07/25, 20:06:28.898, 3577078777500, vstest.console.dll, TcpClientExtensions.MessageLoopAsync: Polling on remoteEndPoint: 127.0.0.1:55424 localEndPoint: 127.0.0.1:55423 after 0 ms
TpTrace Verbose: 0 : 27488, 5, 2024/07/25, 20:06:28.899, 3577078783346, vstest.console.dll, TestRequestSender.CheckVersionWithTestHost: Sending check version message: {"MessageType":"ProtocolVersion","Payload":7}
TpTrace Verbose: 0 : 27488, 7, 2024/07/25, 20:06:29.019, 3577079984291, vstest.console.dll, TcpClientExtensions.MessageLoopAsync: NotifyDataAvailable remoteEndPoint: 127.0.0.1:55424 localEndPoint: 127.0.0.1:55423
TpTrace Verbose: 0 : 27488, 7, 2024/07/25, 20:06:29.019, 3577079986499, vstest.console.dll, TestRequestSender.CheckVersionWithTestHost: onMessageReceived received message: (ProtocolVersion) -> {"MessageType":"ProtocolVersion","Payload":7}
TpTrace Verbose: 0 : 27488, 7, 2024/07/25, 20:06:29.020, 3577079991602, vstest.console.dll, MulticastDelegateUtilities.SafeInvoke: LengthPrefixCommunicationChannel: MessageReceived: Invoking callback 1/1 for Microsoft.VisualStudio.TestPlatform.CommunicationUtilities.TestRequestSender+<>c__DisplayClass29_0., took 0 ms.
TpTrace Verbose: 0 : 27488, 5, 2024/07/25, 20:06:29.020, 3577079992765, vstest.console.dll, TestPluginCache.GetExtensionPaths: Filtered extension paths: 
TpTrace Verbose: 0 : 27488, 7, 2024/07/25, 20:06:29.020, 3577079993086, vstest.console.dll, TcpClientExtensions.MessageLoopAsync: Polling on remoteEndPoint: 127.0.0.1:55424 localEndPoint: 127.0.0.1:55423 after 121 ms
TpTrace Verbose: 0 : 27488, 5, 2024/07/25, 20:06:29.020, 3577079993911, vstest.console.dll, TestPluginCache.GetExtensionPaths: Added default extension paths: C:\Program Files (x86)\dotnet\sdk\8.0.303\Extensions\Microsoft.Diagnostics.NETCore.Client.dll
C:\Program Files (x86)\dotnet\sdk\8.0.303\Extensions\Microsoft.TestPlatform.Extensions.BlameDataCollector.dll
C:\Program Files (x86)\dotnet\sdk\8.0.303\Extensions\Microsoft.TestPlatform.Extensions.EventLogCollector.dll
C:\Program Files (x86)\dotnet\sdk\8.0.303\Extensions\Microsoft.TestPlatform.TestHostRuntimeProvider.dll
C:\Program Files (x86)\dotnet\sdk\8.0.303\Extensions\Microsoft.VisualStudio.TestPlatform.Extensions.Html.TestLogger.dll
C:\Program Files (x86)\dotnet\sdk\8.0.303\Extensions\Microsoft.VisualStudio.TestPlatform.Extensions.Trx.TestLogger.dll
TpTrace Verbose: 0 : 27488, 5, 2024/07/25, 20:06:29.020, 3577079995749, vstest.console.dll, TestPluginCache.GetExtensionPaths: Added unfilterableExtensionPaths: 
TpTrace Verbose: 0 : 27488, 5, 2024/07/25, 20:06:29.022, 3577080016448, vstest.console.dll, TestRequestSender.InitializeExecution: Sending initialize execution with message: {"Version":7,"MessageType":"TestExecution.Initialize","Payload":["D:\\SoftUni\\Front-End-Test-Automation-July-2024\\12.Automation Architectures\\TestPracticeProject\\TestProjects\\bin\\Debug\\net8.0\\fine-code-coverage\\build-output\\NUnit3.TestAdapter.dll"]}
TpTrace Verbose: 0 : 27488, 5, 2024/07/25, 20:06:29.023, 3577080018846, vstest.console.dll, ParallelProxyExecutionManager.StartTestRunOnConcurrentManager: Execution starting. Started clients: 1
TpTrace Verbose: 0 : 27488, 5, 2024/07/25, 20:06:29.023, 3577080021356, vstest.console.dll, TestRunRequest:SendTestRunMessage: Starting.
TpTrace Verbose: 0 : 27488, 5, 2024/07/25, 20:06:29.023, 3577080023263, vstest.console.dll, MulticastDelegateUtilities.SafeInvoke: TestRun.LogMessages: Invoking callback 1/1 for Microsoft.VisualStudio.TestPlatform.CommandLine.TestRunResultAggregator., took 0 ms.
TpTrace Information: 0 : 27488, 5, 2024/07/25, 20:06:29.023, 3577080024542, vstest.console.dll, TestRunRequest:SendTestRunMessage: Completed.
TpTrace Verbose: 0 : 27488, 4, 2024/07/25, 20:06:29.023, 3577080026314, vstest.console.dll, MulticastDelegateUtilities.SafeInvoke: InternalTestLoggerEvents.SendTestRunMessage: Invoking callback 1/1 for Microsoft.VisualStudio.TestPlatform.CommandLine.Internal.ConsoleLogger., took 0 ms.
TpTrace Verbose: 0 : 27488, 7, 2024/07/25, 20:06:29.023, 3577080027992, vstest.console.dll, TcpClientExtensions.MessageLoopAsync: NotifyDataAvailable remoteEndPoint: 127.0.0.1:55424 localEndPoint: 127.0.0.1:55423
TpTrace Warning: 0 : 27488, 5, 2024/07/25, 20:06:29.024, 3577080028835, vstest.console.dll, InferRunSettingsHelper.MakeRunsettingsCompatible: Removing the following settings: TargetPlatform from RunSettings file. To use those settings please move to latest version of Microsoft.NET.Test.Sdk
TpTrace Verbose: 0 : 27488, 7, 2024/07/25, 20:06:29.024, 3577080037548, vstest.console.dll, TestRequestSender.OnExecutionMessageReceived: Received message: {"Version":7,"MessageType":"TestSession.Message","Payload":{"MessageLevel":0,"Message":"Logging TestHost Diagnostics in file: D:\\SoftUni\\Front-End-Test-Automation-July-2024\\12.Automation Architectures\\TestPracticeProject\\TestProjects\\bin\\Debug\\net8.0\\fine-code-coverage\\coverage-tool-output\\diagnostics.host.24-07-25_20-06-28_70901_5.log"}}
TpTrace Verbose: 0 : 27488, 7, 2024/07/25, 20:06:29.026, 3577080056474, vstest.console.dll, TestRunRequest:SendTestRunMessage: Starting.
TpTrace Verbose: 0 : 27488, 7, 2024/07/25, 20:06:29.027, 3577080058114, vstest.console.dll, MulticastDelegateUtilities.SafeInvoke: TestRun.LogMessages: Invoking callback 1/1 for Microsoft.VisualStudio.TestPlatform.CommandLine.TestRunResultAggregator., took 0 ms.
TpTrace Information: 0 : 27488, 7, 2024/07/25, 20:06:29.027, 3577080058796, vstest.console.dll, TestRunRequest:SendTestRunMessage: Completed.
TpTrace Verbose: 0 : 27488, 7, 2024/07/25, 20:06:29.027, 3577080059484, vstest.console.dll, MulticastDelegateUtilities.SafeInvoke: LengthPrefixCommunicationChannel: MessageReceived: Invoking callback 1/1 for Microsoft.VisualStudio.TestPlatform.CommunicationUtilities.TestRequestSender+<>c__DisplayClass34_0., took 2 ms.
TpTrace Verbose: 0 : 27488, 7, 2024/07/25, 20:06:29.027, 3577080060125, vstest.console.dll, TcpClientExtensions.MessageLoopAsync: Polling on remoteEndPoint: 127.0.0.1:55424 localEndPoint: 127.0.0.1:55423 after 6 ms
TpTrace Verbose: 0 : 27488, 4, 2024/07/25, 20:06:29.027, 3577080058768, vstest.console.dll, MulticastDelegateUtilities.SafeInvoke: InternalTestLoggerEvents.SendTestRunMessage: Invoking callback 1/1 for Microsoft.VisualStudio.TestPlatform.CommandLine.Internal.ConsoleLogger., took 0 ms.
TpTrace Verbose: 0 : 27488, 5, 2024/07/25, 20:06:29.029, 3577080083158, vstest.console.dll, TestRequestSender.StartTestRun: Sending test run with message: {"Version":7,"MessageType":"TestExecution.StartWithSources","Payload":{"AdapterSourceMap":{"_none_":["D:\\SoftUni\\Front-End-Test-Automation-July-2024\\12.Automation Architectures\\TestPracticeProject\\TestProjects\\bin\\Debug\\net8.0\\fine-code-coverage\\build-output\\TestProject.dll"]},"RunSettings":"<RunSettings>\r\n  <RunConfiguration>\r\n    <ResultsDirectory>D:\\SoftUni\\Front-End-Test-Automation-July-2024\\12.Automation Architectures\\TestPracticeProject\\TestProjects\\bin\\Debug\\net8.0\\fine-code-coverage\\coverage-tool-output</ResultsDirectory>\r\n    <TargetFrameworkVersion>.NETCoreApp,Version=v8.0</TargetFrameworkVersion>\r\n    <DesignMode>False</DesignMode>\r\n    <CollectSourceInformation>False</CollectSourceInformation>\r\n  </RunConfiguration>\r\n  <LoggerRunSettings>\r\n    <Loggers>\r\n      <Logger friendlyName=\"blame\" enabled=\"True\" />\r\n      <Logger friendlyName=\"Console\" uri=\"logger://microsoft/TestPlatform/ConsoleLogger/v1\" assemblyQualifiedName=\"Microsoft.VisualStudio.TestPlatform.CommandLine.Internal.ConsoleLogger, vstest.console, Version=15.0.0.0, Culture=neutral, PublicKeyToken=b03f5f7f11d50a3a\" codeBase=\"C:\\Program Files (x86)\\dotnet\\sdk\\8.0.303\\vstest.console.dll\" enabled=\"True\" />\r\n    </Loggers>\r\n  </LoggerRunSettings>\r\n  <DataCollectionRunSettings>\r\n    <DataCollectors>\r\n      <DataCollector friendlyName=\"blame\" enabled=\"True\">\r\n        <Configuration>\r\n          <ResultsDirectory>D:\\SoftUni\\Front-End-Test-Automation-July-2024\\12.Automation Architectures\\TestPracticeProject\\TestProjects\\bin\\Debug\\net8.0\\fine-code-coverage\\coverage-tool-output</ResultsDirectory>\r\n        </Configuration>\r\n      </DataCollector>\r\n    </DataCollectors>\r\n  </DataCollectionRunSettings>\r\n</RunSettings>","TestExecutionContext":{"FrequencyOfRunStatsChangeEvent":10,"RunStatsChangeEventTimeout":"00:00:01.5000000","InIsolation":false,"KeepAlive":false,"AreTestCaseLevelEventsRequired":false,"IsDebug":false,"TestCaseFilter":null,"FilterOptions":null},"Package":null}}
TpTrace Verbose: 0 : 27488, 5, 2024/07/25, 20:06:29.029, 3577080084884, vstest.console.dll, ParallelProxyExecutionManager.StartTestRunOnConcurrentManager: Execution started. Started clients: 1
TpTrace Verbose: 0 : 27488, 7, 2024/07/25, 20:06:29.210, 3577081893290, vstest.console.dll, TcpClientExtensions.MessageLoopAsync: NotifyDataAvailable remoteEndPoint: 127.0.0.1:55424 localEndPoint: 127.0.0.1:55423
TpTrace Verbose: 0 : 27488, 7, 2024/07/25, 20:06:29.210, 3577081895100, vstest.console.dll, TestRequestSender.OnExecutionMessageReceived: Received message: {"Version":7,"MessageType":"TestSession.Message","Payload":{"MessageLevel":0,"Message":"NUnit Adapter 4.5.0.0: Test execution started"}}
TpTrace Verbose: 0 : 27488, 7, 2024/07/25, 20:06:29.210, 3577081897300, vstest.console.dll, TestRunRequest:SendTestRunMessage: Starting.
TpTrace Verbose: 0 : 27488, 7, 2024/07/25, 20:06:29.211, 3577081898232, vstest.console.dll, MulticastDelegateUtilities.SafeInvoke: TestRun.LogMessages: Invoking callback 1/1 for Microsoft.VisualStudio.TestPlatform.CommandLine.TestRunResultAggregator., took 0 ms.
TpTrace Verbose: 0 : 27488, 4, 2024/07/25, 20:06:29.211, 3577081898468, vstest.console.dll, MulticastDelegateUtilities.SafeInvoke: InternalTestLoggerEvents.SendTestRunMessage: Invoking callback 1/1 for Microsoft.VisualStudio.TestPlatform.CommandLine.Internal.ConsoleLogger., took 0 ms.
TpTrace Information: 0 : 27488, 7, 2024/07/25, 20:06:29.211, 3577081898927, vstest.console.dll, TestRunRequest:SendTestRunMessage: Completed.
TpTrace Verbose: 0 : 27488, 7, 2024/07/25, 20:06:29.211, 3577081900660, vstest.console.dll, MulticastDelegateUtilities.SafeInvoke: LengthPrefixCommunicationChannel: MessageReceived: Invoking callback 1/1 for Microsoft.VisualStudio.TestPlatform.CommunicationUtilities.TestRequestSender+<>c__DisplayClass34_0., took 0 ms.
TpTrace Verbose: 0 : 27488, 7, 2024/07/25, 20:06:29.211, 3577081901385, vstest.console.dll, TcpClientExtensions.MessageLoopAsync: Polling on remoteEndPoint: 127.0.0.1:55424 localEndPoint: 127.0.0.1:55423 after 184 ms
TpTrace Verbose: 0 : 27488, 7, 2024/07/25, 20:06:29.238, 3577082178127, vstest.console.dll, TcpClientExtensions.MessageLoopAsync: NotifyDataAvailable remoteEndPoint: 127.0.0.1:55424 localEndPoint: 127.0.0.1:55423
TpTrace Verbose: 0 : 27488, 7, 2024/07/25, 20:06:29.239, 3577082180127, vstest.console.dll, TestRequestSender.OnExecutionMessageReceived: Received message: {"Version":7,"MessageType":"TestSession.Message","Payload":{"MessageLevel":0,"Message":"Running all tests in D:\\SoftUni\\Front-End-Test-Automation-July-2024\\12.Automation Architectures\\TestPracticeProject\\TestProjects\\bin\\Debug\\net8.0\\fine-code-coverage\\build-output\\TestProject.dll"}}
TpTrace Verbose: 0 : 27488, 7, 2024/07/25, 20:06:29.239, 3577082181643, vstest.console.dll, TestRunRequest:SendTestRunMessage: Starting.
TpTrace Verbose: 0 : 27488, 7, 2024/07/25, 20:06:29.239, 3577082182538, vstest.console.dll, MulticastDelegateUtilities.SafeInvoke: TestRun.LogMessages: Invoking callback 1/1 for Microsoft.VisualStudio.TestPlatform.CommandLine.TestRunResultAggregator., took 0 ms.
TpTrace Verbose: 0 : 27488, 4, 2024/07/25, 20:06:29.239, 3577082183100, vstest.console.dll, MulticastDelegateUtilities.SafeInvoke: InternalTestLoggerEvents.SendTestRunMessage: Invoking callback 1/1 for Microsoft.VisualStudio.TestPlatform.CommandLine.Internal.ConsoleLogger., took 0 ms.
TpTrace Information: 0 : 27488, 7, 2024/07/25, 20:06:29.239, 3577082183193, vstest.console.dll, TestRunRequest:SendTestRunMessage: Completed.
TpTrace Verbose: 0 : 27488, 7, 2024/07/25, 20:06:29.239, 3577082184906, vstest.console.dll, MulticastDelegateUtilities.SafeInvoke: LengthPrefixCommunicationChannel: MessageReceived: Invoking callback 1/1 for Microsoft.VisualStudio.TestPlatform.CommunicationUtilities.TestRequestSender+<>c__DisplayClass34_0., took 0 ms.
TpTrace Verbose: 0 : 27488, 7, 2024/07/25, 20:06:29.239, 3577082185530, vstest.console.dll, TcpClientExtensions.MessageLoopAsync: Polling on remoteEndPoint: 127.0.0.1:55424 localEndPoint: 127.0.0.1:55423 after 28 ms
TpTrace Verbose: 0 : 27488, 7, 2024/07/25, 20:06:29.388, 3577083676728, vstest.console.dll, TcpClientExtensions.MessageLoopAsync: NotifyDataAvailable remoteEndPoint: 127.0.0.1:55424 localEndPoint: 127.0.0.1:55423
TpTrace Verbose: 0 : 27488, 7, 2024/07/25, 20:06:29.389, 3577083678935, vstest.console.dll, TestRequestSender.OnExecutionMessageReceived: Received message: {"Version":7,"MessageType":"TestSession.Message","Payload":{"MessageLevel":0,"Message":"   NUnit3TestExecutor discovered 6 of 6 NUnit test cases using Current Discovery mode, Non-Explicit run"}}
TpTrace Verbose: 0 : 27488, 7, 2024/07/25, 20:06:29.389, 3577083680651, vstest.console.dll, TestRunRequest:SendTestRunMessage: Starting.
TpTrace Verbose: 0 : 27488, 7, 2024/07/25, 20:06:29.389, 3577083681568, vstest.console.dll, MulticastDelegateUtilities.SafeInvoke: TestRun.LogMessages: Invoking callback 1/1 for Microsoft.VisualStudio.TestPlatform.CommandLine.TestRunResultAggregator., took 0 ms.
TpTrace Information: 0 : 27488, 7, 2024/07/25, 20:06:29.389, 3577083682172, vstest.console.dll, TestRunRequest:SendTestRunMessage: Completed.
TpTrace Verbose: 0 : 27488, 7, 2024/07/25, 20:06:29.389, 3577083682827, vstest.console.dll, MulticastDelegateUtilities.SafeInvoke: LengthPrefixCommunicationChannel: MessageReceived: Invoking callback 1/1 for Microsoft.VisualStudio.TestPlatform.CommunicationUtilities.TestRequestSender+<>c__DisplayClass34_0., took 0 ms.
TpTrace Verbose: 0 : 27488, 4, 2024/07/25, 20:06:29.389, 3577083682393, vstest.console.dll, MulticastDelegateUtilities.SafeInvoke: InternalTestLoggerEvents.SendTestRunMessage: Invoking callback 1/1 for Microsoft.VisualStudio.TestPlatform.CommandLine.Internal.ConsoleLogger., took 0 ms.
TpTrace Verbose: 0 : 27488, 7, 2024/07/25, 20:06:29.389, 3577083683494, vstest.console.dll, TcpClientExtensions.MessageLoopAsync: Polling on remoteEndPoint: 127.0.0.1:55424 localEndPoint: 127.0.0.1:55423 after 149 ms
TpTrace Verbose: 0 : 27488, 7, 2024/07/25, 20:06:30.400, 3577093791600, vstest.console.dll, TcpClientExtensions.MessageLoopAsync: Polling on remoteEndPoint: 127.0.0.1:55424 localEndPoint: 127.0.0.1:55423 after 1010 ms
TpTrace Verbose: 0 : 27488, 7, 2024/07/25, 20:06:30.670, 3577096489610, vstest.console.dll, TcpClientExtensions.MessageLoopAsync: NotifyDataAvailable remoteEndPoint: 127.0.0.1:55424 localEndPoint: 127.0.0.1:55423
TpTrace Verbose: 0 : 27488, 7, 2024/07/25, 20:06:30.670, 3577096492230, vstest.console.dll, TestRequestSender.OnExecutionMessageReceived: Received message: {"Version":7,"MessageType":"TestExecution.StatsChange","Payload":{"NewTestResults":[],"TestRunStatistics":{"ExecutedTests":0,"Stats":{}},"ActiveTests":[{"Id":"373a2e14-dc46-6e59-e1ab-dbb4007bcade","FullyQualifiedName":"TestProjects.PracticeProjectTests(\"chrome\").CheckWelcomeMessageTitle","DisplayName":"CheckWelcomeMessageTitle","ExecutorUri":"executor://NUnit3TestExecutor","Source":"D:\\SoftUni\\Front-End-Test-Automation-July-2024\\12.Automation Architectures\\TestPracticeProject\\TestProjects\\bin\\Debug\\net8.0\\fine-code-coverage\\build-output\\TestProject.dll","CodeFilePath":null,"LineNumber":0,"Properties":[{"Key":{"Id":"NUnit.Seed","Label":"Seed","Category":"","Description":"","Attributes":0,"ValueType":"System.String"},"Value":"8494277"}]}]}}
TpTrace Verbose: 0 : 27488, 7, 2024/07/25, 20:06:30.687, 3577096667003, vstest.console.dll, TestRunRequest:SendTestRunStatsChange: Starting.
TpTrace Verbose: 0 : 27488, 7, 2024/07/25, 20:06:30.688, 3577096668454, vstest.console.dll, InProgress is CheckWelcomeMessageTitle
TpTrace Verbose: 0 : 27488, 7, 2024/07/25, 20:06:30.688, 3577096669437, vstest.console.dll, MulticastDelegateUtilities.SafeInvoke: TestRun.RunStatsChanged: Invoking callbacks was skipped because there are no subscribers.
TpTrace Information: 0 : 27488, 7, 2024/07/25, 20:06:30.688, 3577096670029, vstest.console.dll, TestRunRequest:SendTestRunStatsChange: Completed.
TpTrace Verbose: 0 : 27488, 7, 2024/07/25, 20:06:30.688, 3577096670762, vstest.console.dll, MulticastDelegateUtilities.SafeInvoke: LengthPrefixCommunicationChannel: MessageReceived: Invoking callback 1/1 for Microsoft.VisualStudio.TestPlatform.CommunicationUtilities.TestRequestSender+<>c__DisplayClass34_0., took 17 ms.
TpTrace Verbose: 0 : 27488, 7, 2024/07/25, 20:06:30.688, 3577096671385, vstest.console.dll, TcpClientExtensions.MessageLoopAsync: Polling on remoteEndPoint: 127.0.0.1:55424 localEndPoint: 127.0.0.1:55423 after 287 ms
TpTrace Verbose: 0 : 27488, 7, 2024/07/25, 20:06:31.702, 3577106809547, vstest.console.dll, TcpClientExtensions.MessageLoopAsync: Polling on remoteEndPoint: 127.0.0.1:55424 localEndPoint: 127.0.0.1:55423 after 1013 ms
TpTrace Verbose: 0 : 27488, 7, 2024/07/25, 20:06:32.179, 3577111581009, vstest.console.dll, TcpClientExtensions.MessageLoopAsync: NotifyDataAvailable remoteEndPoint: 127.0.0.1:55424 localEndPoint: 127.0.0.1:55423
TpTrace Verbose: 0 : 27488, 7, 2024/07/25, 20:06:32.179, 3577111582803, vstest.console.dll, TestRequestSender.OnExecutionMessageReceived: Received message: {"Version":7,"MessageType":"TestExecution.StatsChange","Payload":{"NewTestResults":[{"TestCase":{"Id":"373a2e14-dc46-6e59-e1ab-dbb4007bcade","FullyQualifiedName":"TestProjects.PracticeProjectTests(\"chrome\").CheckWelcomeMessageTitle","DisplayName":"CheckWelcomeMessageTitle","ExecutorUri":"executor://NUnit3TestExecutor","Source":"D:\\SoftUni\\Front-End-Test-Automation-July-2024\\12.Automation Architectures\\TestPracticeProject\\TestProjects\\bin\\Debug\\net8.0\\fine-code-coverage\\build-output\\TestProject.dll","CodeFilePath":null,"LineNumber":0,"Properties":[{"Key":{"Id":"NUnit.Seed","Label":"Seed","Category":"","Description":"","Attributes":0,"ValueType":"System.String"},"Value":"8494277"}]},"Attachments":[],"Outcome":1,"ErrorMessage":null,"ErrorStackTrace":null,"DisplayName":"CheckWelcomeMessageTitle","Messages":[],"ComputerName":"DESKTOP-UUB0D73","Duration":"00:00:02.0321460","StartTime":"2024-07-25T17:06:29.4195606+00:00","EndTime":"2024-07-25T17:06:31.4515965+00:00","Properties":[{"Key":{"Id":"NUnit.Seed","Label":"Seed","Category":"","Description":"","Attributes":0,"ValueType":"System.String"},"Value":"8494277"}]}],"TestRunStatistics":{"ExecutedTests":1,"Stats":{"Passed":1}},"ActiveTests":[{"Id":"b73e01b2-cb2c-3752-a3ac-4b1b44559873","FullyQualifiedName":"TestProjects.PracticeProjectTests(\"chrome\").GoToCreateEntityPageFromNavBarAndCreateNewEntity","DisplayName":"GoToCreateEntityPageFromNavBarAndCreateNewEntity","ExecutorUri":"executor://NUnit3TestExecutor","Source":"D:\\SoftUni\\Front-End-Test-Automation-July-2024\\12.Automation Architectures\\TestPracticeProject\\TestProjects\\bin\\Debug\\net8.0\\fine-code-coverage\\build-output\\TestProject.dll","CodeFilePath":null,"LineNumber":0,"Properties":[{"Key":{"Id":"NUnit.Seed","Label":"Seed","Category":"","Description":"","Attributes":0,"ValueType":"System.String"},"Value":"342713529"}]}]}}
TpTrace Verbose: 0 : 27488, 7, 2024/07/25, 20:06:32.185, 3577111642375, vstest.console.dll, TestRunRequest:SendTestRunStatsChange: Starting.
TpTrace Verbose: 0 : 27488, 7, 2024/07/25, 20:06:32.185, 3577111643352, vstest.console.dll, InProgress is GoToCreateEntityPageFromNavBarAndCreateNewEntity
TpTrace Verbose: 0 : 27488, 7, 2024/07/25, 20:06:32.185, 3577111644698, vstest.console.dll, MulticastDelegateUtilities.SafeInvoke: TestRun.RunStatsChanged: Invoking callbacks was skipped because there are no subscribers.
TpTrace Information: 0 : 27488, 7, 2024/07/25, 20:06:32.185, 3577111645285, vstest.console.dll, TestRunRequest:SendTestRunStatsChange: Completed.
TpTrace Verbose: 0 : 27488, 7, 2024/07/25, 20:06:32.185, 3577111645813, vstest.console.dll, MulticastDelegateUtilities.SafeInvoke: LengthPrefixCommunicationChannel: MessageReceived: Invoking callback 1/1 for Microsoft.VisualStudio.TestPlatform.CommunicationUtilities.TestRequestSender+<>c__DisplayClass34_0., took 6 ms.
TpTrace Verbose: 0 : 27488, 7, 2024/07/25, 20:06:32.185, 3577111646366, vstest.console.dll, TcpClientExtensions.MessageLoopAsync: Polling on remoteEndPoint: 127.0.0.1:55424 localEndPoint: 127.0.0.1:55423 after 483 ms
TpTrace Verbose: 0 : 27488, 4, 2024/07/25, 20:06:32.188, 3577111672797, vstest.console.dll, MulticastDelegateUtilities.SafeInvoke: InternalTestLoggerEvents.SendTestResult: Invoking callback 1/1 for Microsoft.VisualStudio.TestPlatform.CommandLine.Internal.ConsoleLogger., took 2 ms.
TpTrace Verbose: 0 : 27488, 7, 2024/07/25, 20:06:33.193, 3577121720800, vstest.console.dll, TcpClientExtensions.MessageLoopAsync: Polling on remoteEndPoint: 127.0.0.1:55424 localEndPoint: 127.0.0.1:55423 after 1007 ms
TpTrace Verbose: 0 : 27488, 7, 2024/07/25, 20:06:34.123, 3577131019979, vstest.console.dll, TcpClientExtensions.MessageLoopAsync: NotifyDataAvailable remoteEndPoint: 127.0.0.1:55424 localEndPoint: 127.0.0.1:55423
TpTrace Verbose: 0 : 27488, 7, 2024/07/25, 20:06:34.123, 3577131022340, vstest.console.dll, TestRequestSender.OnExecutionMessageReceived: Received message: {"Version":7,"MessageType":"TestExecution.StatsChange","Payload":{"NewTestResults":[{"TestCase":{"Id":"b73e01b2-cb2c-3752-a3ac-4b1b44559873","FullyQualifiedName":"TestProjects.PracticeProjectTests(\"chrome\").GoToCreateEntityPageFromNavBarAndCreateNewEntity","DisplayName":"GoToCreateEntityPageFromNavBarAndCreateNewEntity","ExecutorUri":"executor://NUnit3TestExecutor","Source":"D:\\SoftUni\\Front-End-Test-Automation-July-2024\\12.Automation Architectures\\TestPracticeProject\\TestProjects\\bin\\Debug\\net8.0\\fine-code-coverage\\build-output\\TestProject.dll","CodeFilePath":null,"LineNumber":0,"Properties":[{"Key":{"Id":"NUnit.Seed","Label":"Seed","Category":"","Description":"","Attributes":0,"ValueType":"System.String"},"Value":"342713529"}]},"Attachments":[],"Outcome":1,"ErrorMessage":null,"ErrorStackTrace":null,"DisplayName":"GoToCreateEntityPageFromNavBarAndCreateNewEntity","Messages":[],"ComputerName":"DESKTOP-UUB0D73","Duration":"00:00:02.6647750","StartTime":"2024-07-25T17:06:31.4534669+00:00","EndTime":"2024-07-25T17:06:34.1182417+00:00","Properties":[{"Key":{"Id":"NUnit.Seed","Label":"Seed","Category":"","Description":"","Attributes":0,"ValueType":"System.String"},"Value":"342713529"}]}],"TestRunStatistics":{"ExecutedTests":2,"Stats":{"Passed":2}},"ActiveTests":[{"Id":"56b8fb63-2a35-4bc2-904c-bbe2abb60b67","FullyQualifiedName":"TestProjects.PracticeProjectTests(\"edge\").CheckWelcomeMessageTitle","DisplayName":"CheckWelcomeMessageTitle","ExecutorUri":"executor://NUnit3TestExecutor","Source":"D:\\SoftUni\\Front-End-Test-Automation-July-2024\\12.Automation Architectures\\TestPracticeProject\\TestProjects\\bin\\Debug\\net8.0\\fine-code-coverage\\build-output\\TestProject.dll","CodeFilePath":null,"LineNumber":0,"Properties":[{"Key":{"Id":"NUnit.Seed","Label":"Seed","Category":"","Description":"","Attributes":0,"ValueType":"System.String"},"Value":"977621816"}]}]}}
TpTrace Verbose: 0 : 27488, 7, 2024/07/25, 20:06:34.124, 3577131030515, vstest.console.dll, TestRunRequest:SendTestRunStatsChange: Starting.
TpTrace Verbose: 0 : 27488, 7, 2024/07/25, 20:06:34.124, 3577131031388, vstest.console.dll, InProgress is CheckWelcomeMessageTitle
TpTrace Verbose: 0 : 27488, 7, 2024/07/25, 20:06:34.124, 3577131032138, vstest.console.dll, MulticastDelegateUtilities.SafeInvoke: TestRun.RunStatsChanged: Invoking callbacks was skipped because there are no subscribers.
TpTrace Information: 0 : 27488, 7, 2024/07/25, 20:06:34.124, 3577131032730, vstest.console.dll, TestRunRequest:SendTestRunStatsChange: Completed.
TpTrace Verbose: 0 : 27488, 7, 2024/07/25, 20:06:34.124, 3577131033265, vstest.console.dll, MulticastDelegateUtilities.SafeInvoke: LengthPrefixCommunicationChannel: MessageReceived: Invoking callback 1/1 for Microsoft.VisualStudio.TestPlatform.CommunicationUtilities.TestRequestSender+<>c__DisplayClass34_0., took 1 ms.
TpTrace Verbose: 0 : 27488, 7, 2024/07/25, 20:06:34.124, 3577131033879, vstest.console.dll, TcpClientExtensions.MessageLoopAsync: Polling on remoteEndPoint: 127.0.0.1:55424 localEndPoint: 127.0.0.1:55423 after 931 ms
TpTrace Verbose: 0 : 27488, 4, 2024/07/25, 20:06:34.124, 3577131035114, vstest.console.dll, MulticastDelegateUtilities.SafeInvoke: InternalTestLoggerEvents.SendTestResult: Invoking callback 1/1 for Microsoft.VisualStudio.TestPlatform.CommandLine.Internal.ConsoleLogger., took 0 ms.
TpTrace Verbose: 0 : 27488, 7, 2024/07/25, 20:06:35.134, 3577141134930, vstest.console.dll, TcpClientExtensions.MessageLoopAsync: Polling on remoteEndPoint: 127.0.0.1:55424 localEndPoint: 127.0.0.1:55423 after 1010 ms
TpTrace Verbose: 0 : 27488, 7, 2024/07/25, 20:06:36.140, 3577151194959, vstest.console.dll, TcpClientExtensions.MessageLoopAsync: Polling on remoteEndPoint: 127.0.0.1:55424 localEndPoint: 127.0.0.1:55423 after 1005 ms
TpTrace Verbose: 0 : 27488, 7, 2024/07/25, 20:06:36.973, 3577159526733, vstest.console.dll, TcpClientExtensions.MessageLoopAsync: NotifyDataAvailable remoteEndPoint: 127.0.0.1:55424 localEndPoint: 127.0.0.1:55423
TpTrace Verbose: 0 : 27488, 7, 2024/07/25, 20:06:36.974, 3577159528638, vstest.console.dll, TestRequestSender.OnExecutionMessageReceived: Received message: {"Version":7,"MessageType":"TestExecution.StatsChange","Payload":{"NewTestResults":[{"TestCase":{"Id":"56b8fb63-2a35-4bc2-904c-bbe2abb60b67","FullyQualifiedName":"TestProjects.PracticeProjectTests(\"edge\").CheckWelcomeMessageTitle","DisplayName":"CheckWelcomeMessageTitle","ExecutorUri":"executor://NUnit3TestExecutor","Source":"D:\\SoftUni\\Front-End-Test-Automation-July-2024\\12.Automation Architectures\\TestPracticeProject\\TestProjects\\bin\\Debug\\net8.0\\fine-code-coverage\\build-output\\TestProject.dll","CodeFilePath":null,"LineNumber":0,"Properties":[{"Key":{"Id":"NUnit.Seed","Label":"Seed","Category":"","Description":"","Attributes":0,"ValueType":"System.String"},"Value":"977621816"}]},"Attachments":[],"Outcome":1,"ErrorMessage":null,"ErrorStackTrace":null,"DisplayName":"CheckWelcomeMessageTitle","Messages":[],"ComputerName":"DESKTOP-UUB0D73","Duration":"00:00:02.8439480","StartTime":"2024-07-25T17:06:34.1218697+00:00","EndTime":"2024-07-25T17:06:36.9658175+00:00","Properties":[{"Key":{"Id":"NUnit.Seed","Label":"Seed","Category":"","Description":"","Attributes":0,"ValueType":"System.String"},"Value":"977621816"}]}],"TestRunStatistics":{"ExecutedTests":3,"Stats":{"Passed":3}},"ActiveTests":[{"Id":"782a4764-ba31-1e18-767e-55d371bf0e1c","FullyQualifiedName":"TestProjects.PracticeProjectTests(\"edge\").GoToCreateEntityPageFromNavBarAndCreateNewEntity","DisplayName":"GoToCreateEntityPageFromNavBarAndCreateNewEntity","ExecutorUri":"executor://NUnit3TestExecutor","Source":"D:\\SoftUni\\Front-End-Test-Automation-July-2024\\12.Automation Architectures\\TestPracticeProject\\TestProjects\\bin\\Debug\\net8.0\\fine-code-coverage\\build-output\\TestProject.dll","CodeFilePath":null,"LineNumber":0,"Properties":[{"Key":{"Id":"NUnit.Seed","Label":"Seed","Category":"","Description":"","Attributes":0,"ValueType":"System.String"},"Value":"604747049"}]}]}}
TpTrace Verbose: 0 : 27488, 7, 2024/07/25, 20:06:36.974, 3577159534367, vstest.console.dll, TestRunRequest:SendTestRunStatsChange: Starting.
TpTrace Verbose: 0 : 27488, 7, 2024/07/25, 20:06:36.974, 3577159535911, vstest.console.dll, InProgress is GoToCreateEntityPageFromNavBarAndCreateNewEntity
TpTrace Verbose: 0 : 27488, 7, 2024/07/25, 20:06:36.974, 3577159536620, vstest.console.dll, MulticastDelegateUtilities.SafeInvoke: TestRun.RunStatsChanged: Invoking callbacks was skipped because there are no subscribers.
TpTrace Information: 0 : 27488, 7, 2024/07/25, 20:06:36.974, 3577159537128, vstest.console.dll, TestRunRequest:SendTestRunStatsChange: Completed.
TpTrace Verbose: 0 : 27488, 4, 2024/07/25, 20:06:36.974, 3577159537410, vstest.console.dll, MulticastDelegateUtilities.SafeInvoke: InternalTestLoggerEvents.SendTestResult: Invoking callback 1/1 for Microsoft.VisualStudio.TestPlatform.CommandLine.Internal.ConsoleLogger., took 0 ms.
TpTrace Verbose: 0 : 27488, 7, 2024/07/25, 20:06:36.974, 3577159537665, vstest.console.dll, MulticastDelegateUtilities.SafeInvoke: LengthPrefixCommunicationChannel: MessageReceived: Invoking callback 1/1 for Microsoft.VisualStudio.TestPlatform.CommunicationUtilities.TestRequestSender+<>c__DisplayClass34_0., took 0 ms.
TpTrace Verbose: 0 : 27488, 7, 2024/07/25, 20:06:36.975, 3577159539366, vstest.console.dll, TcpClientExtensions.MessageLoopAsync: Polling on remoteEndPoint: 127.0.0.1:55424 localEndPoint: 127.0.0.1:55423 after 833 ms
TpTrace Verbose: 0 : 27488, 7, 2024/07/25, 20:06:37.978, 3577169572741, vstest.console.dll, TcpClientExtensions.MessageLoopAsync: Polling on remoteEndPoint: 127.0.0.1:55424 localEndPoint: 127.0.0.1:55423 after 1003 ms
TpTrace Verbose: 0 : 27488, 7, 2024/07/25, 20:06:38.986, 3577179648941, vstest.console.dll, TcpClientExtensions.MessageLoopAsync: Polling on remoteEndPoint: 127.0.0.1:55424 localEndPoint: 127.0.0.1:55423 after 1007 ms
TpTrace Verbose: 0 : 27488, 7, 2024/07/25, 20:06:39.999, 3577189783836, vstest.console.dll, TcpClientExtensions.MessageLoopAsync: Polling on remoteEndPoint: 127.0.0.1:55424 localEndPoint: 127.0.0.1:55423 after 1013 ms
TpTrace Verbose: 0 : 27488, 7, 2024/07/25, 20:06:40.507, 3577194860245, vstest.console.dll, TcpClientExtensions.MessageLoopAsync: NotifyDataAvailable remoteEndPoint: 127.0.0.1:55424 localEndPoint: 127.0.0.1:55423
TpTrace Verbose: 0 : 27488, 7, 2024/07/25, 20:06:40.507, 3577194862191, vstest.console.dll, TestRequestSender.OnExecutionMessageReceived: Received message: {"Version":7,"MessageType":"TestExecution.StatsChange","Payload":{"NewTestResults":[{"TestCase":{"Id":"782a4764-ba31-1e18-767e-55d371bf0e1c","FullyQualifiedName":"TestProjects.PracticeProjectTests(\"edge\").GoToCreateEntityPageFromNavBarAndCreateNewEntity","DisplayName":"GoToCreateEntityPageFromNavBarAndCreateNewEntity","ExecutorUri":"executor://NUnit3TestExecutor","Source":"D:\\SoftUni\\Front-End-Test-Automation-July-2024\\12.Automation Architectures\\TestPracticeProject\\TestProjects\\bin\\Debug\\net8.0\\fine-code-coverage\\build-output\\TestProject.dll","CodeFilePath":null,"LineNumber":0,"Properties":[{"Key":{"Id":"NUnit.Seed","Label":"Seed","Category":"","Description":"","Attributes":0,"ValueType":"System.String"},"Value":"604747049"}]},"Attachments":[],"Outcome":1,"ErrorMessage":null,"ErrorStackTrace":null,"DisplayName":"GoToCreateEntityPageFromNavBarAndCreateNewEntity","Messages":[],"ComputerName":"DESKTOP-UUB0D73","Duration":"00:00:03.5382960","StartTime":"2024-07-25T17:06:36.9658587+00:00","EndTime":"2024-07-25T17:06:40.5041541+00:00","Properties":[{"Key":{"Id":"NUnit.Seed","Label":"Seed","Category":"","Description":"","Attributes":0,"ValueType":"System.String"},"Value":"604747049"}]}],"TestRunStatistics":{"ExecutedTests":4,"Stats":{"Passed":4}},"ActiveTests":[{"Id":"03738c62-3407-1386-2ab8-b702d6cfa960","FullyQualifiedName":"TestProjects.PracticeProjectTests(\"firefox\").CheckWelcomeMessageTitle","DisplayName":"CheckWelcomeMessageTitle","ExecutorUri":"executor://NUnit3TestExecutor","Source":"D:\\SoftUni\\Front-End-Test-Automation-July-2024\\12.Automation Architectures\\TestPracticeProject\\TestProjects\\bin\\Debug\\net8.0\\fine-code-coverage\\build-output\\TestProject.dll","CodeFilePath":null,"LineNumber":0,"Properties":[{"Key":{"Id":"NUnit.Seed","Label":"Seed","Category":"","Description":"","Attributes":0,"ValueType":"System.String"},"Value":"12336072"}]}]}}
TpTrace Verbose: 0 : 27488, 7, 2024/07/25, 20:06:40.507, 3577194866144, vstest.console.dll, TestRunRequest:SendTestRunStatsChange: Starting.
TpTrace Verbose: 0 : 27488, 7, 2024/07/25, 20:06:40.507, 3577194867814, vstest.console.dll, InProgress is CheckWelcomeMessageTitle
TpTrace Verbose: 0 : 27488, 7, 2024/07/25, 20:06:40.508, 3577194868973, vstest.console.dll, MulticastDelegateUtilities.SafeInvoke: TestRun.RunStatsChanged: Invoking callbacks was skipped because there are no subscribers.
TpTrace Information: 0 : 27488, 7, 2024/07/25, 20:06:40.508, 3577194869499, vstest.console.dll, TestRunRequest:SendTestRunStatsChange: Completed.
TpTrace Verbose: 0 : 27488, 4, 2024/07/25, 20:06:40.508, 3577194869893, vstest.console.dll, MulticastDelegateUtilities.SafeInvoke: InternalTestLoggerEvents.SendTestResult: Invoking callback 1/1 for Microsoft.VisualStudio.TestPlatform.CommandLine.Internal.ConsoleLogger., took 0 ms.
TpTrace Verbose: 0 : 27488, 7, 2024/07/25, 20:06:40.508, 3577194870016, vstest.console.dll, MulticastDelegateUtilities.SafeInvoke: LengthPrefixCommunicationChannel: MessageReceived: Invoking callback 1/1 for Microsoft.VisualStudio.TestPlatform.CommunicationUtilities.TestRequestSender+<>c__DisplayClass34_0., took 0 ms.
TpTrace Verbose: 0 : 27488, 7, 2024/07/25, 20:06:40.508, 3577194872359, vstest.console.dll, TcpClientExtensions.MessageLoopAsync: Polling on remoteEndPoint: 127.0.0.1:55424 localEndPoint: 127.0.0.1:55423 after 508 ms
TpTrace Verbose: 0 : 27488, 7, 2024/07/25, 20:06:41.522, 3577205017948, vstest.console.dll, TcpClientExtensions.MessageLoopAsync: Polling on remoteEndPoint: 127.0.0.1:55424 localEndPoint: 127.0.0.1:55423 after 1014 ms
TpTrace Verbose: 0 : 27488, 7, 2024/07/25, 20:06:42.537, 3577215165372, vstest.console.dll, TcpClientExtensions.MessageLoopAsync: Polling on remoteEndPoint: 127.0.0.1:55424 localEndPoint: 127.0.0.1:55423 after 1014 ms
TpTrace Verbose: 0 : 27488, 7, 2024/07/25, 20:06:43.545, 3577225239328, vstest.console.dll, TcpClientExtensions.MessageLoopAsync: Polling on remoteEndPoint: 127.0.0.1:55424 localEndPoint: 127.0.0.1:55423 after 1007 ms
TpTrace Verbose: 0 : 27488, 7, 2024/07/25, 20:06:44.551, 3577235302725, vstest.console.dll, TcpClientExtensions.MessageLoopAsync: Polling on remoteEndPoint: 127.0.0.1:55424 localEndPoint: 127.0.0.1:55423 after 1006 ms
TpTrace Verbose: 0 : 27488, 7, 2024/07/25, 20:06:45.564, 3577245436560, vstest.console.dll, TcpClientExtensions.MessageLoopAsync: Polling on remoteEndPoint: 127.0.0.1:55424 localEndPoint: 127.0.0.1:55423 after 1013 ms
TpTrace Verbose: 0 : 27488, 7, 2024/07/25, 20:06:46.577, 3577255559738, vstest.console.dll, TcpClientExtensions.MessageLoopAsync: Polling on remoteEndPoint: 127.0.0.1:55424 localEndPoint: 127.0.0.1:55423 after 1012 ms
TpTrace Verbose: 0 : 27488, 7, 2024/07/25, 20:06:47.582, 3577265615260, vstest.console.dll, TcpClientExtensions.MessageLoopAsync: Polling on remoteEndPoint: 127.0.0.1:55424 localEndPoint: 127.0.0.1:55423 after 1005 ms
TpTrace Verbose: 0 : 27488, 7, 2024/07/25, 20:06:48.596, 3577275748189, vstest.console.dll, TcpClientExtensions.MessageLoopAsync: Polling on remoteEndPoint: 127.0.0.1:55424 localEndPoint: 127.0.0.1:55423 after 1012 ms
TpTrace Verbose: 0 : 27488, 7, 2024/07/25, 20:06:49.610, 3577285889511, vstest.console.dll, TcpClientExtensions.MessageLoopAsync: Polling on remoteEndPoint: 127.0.0.1:55424 localEndPoint: 127.0.0.1:55423 after 1013 ms
TpTrace Verbose: 0 : 27488, 7, 2024/07/25, 20:06:50.617, 3577295962615, vstest.console.dll, TcpClientExtensions.MessageLoopAsync: Polling on remoteEndPoint: 127.0.0.1:55424 localEndPoint: 127.0.0.1:55423 after 1007 ms
TpTrace Verbose: 0 : 27488, 7, 2024/07/25, 20:06:51.632, 3577306110179, vstest.console.dll, TcpClientExtensions.MessageLoopAsync: Polling on remoteEndPoint: 127.0.0.1:55424 localEndPoint: 127.0.0.1:55423 after 1014 ms
TpTrace Verbose: 0 : 27488, 7, 2024/07/25, 20:06:52.646, 3577316249439, vstest.console.dll, TcpClientExtensions.MessageLoopAsync: Polling on remoteEndPoint: 127.0.0.1:55424 localEndPoint: 127.0.0.1:55423 after 1013 ms
TpTrace Verbose: 0 : 27488, 7, 2024/07/25, 20:06:53.647, 3577326267510, vstest.console.dll, TcpClientExtensions.MessageLoopAsync: Polling on remoteEndPoint: 127.0.0.1:55424 localEndPoint: 127.0.0.1:55423 after 1000 ms
TpTrace Verbose: 0 : 27488, 7, 2024/07/25, 20:06:54.662, 3577336411475, vstest.console.dll, TcpClientExtensions.MessageLoopAsync: Polling on remoteEndPoint: 127.0.0.1:55424 localEndPoint: 127.0.0.1:55423 after 1014 ms
TpTrace Verbose: 0 : 27488, 7, 2024/07/25, 20:06:54.855, 3577338340320, vstest.console.dll, TcpClientExtensions.MessageLoopAsync: NotifyDataAvailable remoteEndPoint: 127.0.0.1:55424 localEndPoint: 127.0.0.1:55423
TpTrace Verbose: 0 : 27488, 7, 2024/07/25, 20:06:54.855, 3577338341927, vstest.console.dll, TestRequestSender.OnExecutionMessageReceived: Received message: {"Version":7,"MessageType":"TestExecution.StatsChange","Payload":{"NewTestResults":[{"TestCase":{"Id":"03738c62-3407-1386-2ab8-b702d6cfa960","FullyQualifiedName":"TestProjects.PracticeProjectTests(\"firefox\").CheckWelcomeMessageTitle","DisplayName":"CheckWelcomeMessageTitle","ExecutorUri":"executor://NUnit3TestExecutor","Source":"D:\\SoftUni\\Front-End-Test-Automation-July-2024\\12.Automation Architectures\\TestPracticeProject\\TestProjects\\bin\\Debug\\net8.0\\fine-code-coverage\\build-output\\TestProject.dll","CodeFilePath":null,"LineNumber":0,"Properties":[{"Key":{"Id":"NUnit.Seed","Label":"Seed","Category":"","Description":"","Attributes":0,"ValueType":"System.String"},"Value":"12336072"}]},"Attachments":[],"Outcome":1,"ErrorMessage":null,"ErrorStackTrace":null,"DisplayName":"CheckWelcomeMessageTitle","Messages":[],"ComputerName":"DESKTOP-UUB0D73","Duration":"00:00:14.3485800","StartTime":"2024-07-25T17:06:40.5043989+00:00","EndTime":"2024-07-25T17:06:54.8529781+00:00","Properties":[{"Key":{"Id":"NUnit.Seed","Label":"Seed","Category":"","Description":"","Attributes":0,"ValueType":"System.String"},"Value":"12336072"}]}],"TestRunStatistics":{"ExecutedTests":5,"Stats":{"Passed":5}},"ActiveTests":[{"Id":"7693177e-f679-f882-9363-d47ca63b5d84","FullyQualifiedName":"TestProjects.PracticeProjectTests(\"firefox\").GoToCreateEntityPageFromNavBarAndCreateNewEntity","DisplayName":"GoToCreateEntityPageFromNavBarAndCreateNewEntity","ExecutorUri":"executor://NUnit3TestExecutor","Source":"D:\\SoftUni\\Front-End-Test-Automation-July-2024\\12.Automation Architectures\\TestPracticeProject\\TestProjects\\bin\\Debug\\net8.0\\fine-code-coverage\\build-output\\TestProject.dll","CodeFilePath":null,"LineNumber":0,"Properties":[{"Key":{"Id":"NUnit.Seed","Label":"Seed","Category":"","Description":"","Attributes":0,"ValueType":"System.String"},"Value":"2097874488"}]}]}}
TpTrace Verbose: 0 : 27488, 7, 2024/07/25, 20:06:54.855, 3577338345030, vstest.console.dll, TestRunRequest:SendTestRunStatsChange: Starting.
TpTrace Verbose: 0 : 27488, 7, 2024/07/25, 20:06:54.855, 3577338345676, vstest.console.dll, InProgress is GoToCreateEntityPageFromNavBarAndCreateNewEntity
TpTrace Verbose: 0 : 27488, 7, 2024/07/25, 20:06:54.855, 3577338346836, vstest.console.dll, MulticastDelegateUtilities.SafeInvoke: TestRun.RunStatsChanged: Invoking callbacks was skipped because there are no subscribers.
TpTrace Verbose: 0 : 27488, 4, 2024/07/25, 20:06:54.855, 3577338347658, vstest.console.dll, MulticastDelegateUtilities.SafeInvoke: InternalTestLoggerEvents.SendTestResult: Invoking callback 1/1 for Microsoft.VisualStudio.TestPlatform.CommandLine.Internal.ConsoleLogger., took 0 ms.
TpTrace Information: 0 : 27488, 7, 2024/07/25, 20:06:54.856, 3577338349947, vstest.console.dll, TestRunRequest:SendTestRunStatsChange: Completed.
TpTrace Verbose: 0 : 27488, 7, 2024/07/25, 20:06:54.856, 3577338351214, vstest.console.dll, MulticastDelegateUtilities.SafeInvoke: LengthPrefixCommunicationChannel: MessageReceived: Invoking callback 1/1 for Microsoft.VisualStudio.TestPlatform.CommunicationUtilities.TestRequestSender+<>c__DisplayClass34_0., took 0 ms.
TpTrace Verbose: 0 : 27488, 7, 2024/07/25, 20:06:54.856, 3577338352074, vstest.console.dll, TcpClientExtensions.MessageLoopAsync: Polling on remoteEndPoint: 127.0.0.1:55424 localEndPoint: 127.0.0.1:55423 after 193 ms
TpTrace Verbose: 0 : 27488, 7, 2024/07/25, 20:06:55.860, 3577348395730, vstest.console.dll, TcpClientExtensions.MessageLoopAsync: Polling on remoteEndPoint: 127.0.0.1:55424 localEndPoint: 127.0.0.1:55423 after 1004 ms
TpTrace Verbose: 0 : 27488, 7, 2024/07/25, 20:06:56.872, 3577358515259, vstest.console.dll, TcpClientExtensions.MessageLoopAsync: Polling on remoteEndPoint: 127.0.0.1:55424 localEndPoint: 127.0.0.1:55423 after 1011 ms
TpTrace Verbose: 0 : 27488, 7, 2024/07/25, 20:06:57.885, 3577368638595, vstest.console.dll, TcpClientExtensions.MessageLoopAsync: Polling on remoteEndPoint: 127.0.0.1:55424 localEndPoint: 127.0.0.1:55423 after 1012 ms
TpTrace Verbose: 0 : 27488, 7, 2024/07/25, 20:06:58.894, 3577378734957, vstest.console.dll, TcpClientExtensions.MessageLoopAsync: Polling on remoteEndPoint: 127.0.0.1:55424 localEndPoint: 127.0.0.1:55423 after 1009 ms
TpTrace Verbose: 0 : 27488, 7, 2024/07/25, 20:06:59.909, 3577388884628, vstest.console.dll, TcpClientExtensions.MessageLoopAsync: Polling on remoteEndPoint: 127.0.0.1:55424 localEndPoint: 127.0.0.1:55423 after 1014 ms
TpTrace Verbose: 0 : 27488, 7, 2024/07/25, 20:07:00.922, 3577399013126, vstest.console.dll, TcpClientExtensions.MessageLoopAsync: Polling on remoteEndPoint: 127.0.0.1:55424 localEndPoint: 127.0.0.1:55423 after 1012 ms
TpTrace Verbose: 0 : 27488, 7, 2024/07/25, 20:07:01.936, 3577409152207, vstest.console.dll, TcpClientExtensions.MessageLoopAsync: Polling on remoteEndPoint: 127.0.0.1:55424 localEndPoint: 127.0.0.1:55423 after 1013 ms
TpTrace Verbose: 0 : 27488, 7, 2024/07/25, 20:07:02.943, 3577419221490, vstest.console.dll, TcpClientExtensions.MessageLoopAsync: Polling on remoteEndPoint: 127.0.0.1:55424 localEndPoint: 127.0.0.1:55423 after 1006 ms
TpTrace Verbose: 0 : 27488, 7, 2024/07/25, 20:07:03.951, 3577429301520, vstest.console.dll, TcpClientExtensions.MessageLoopAsync: Polling on remoteEndPoint: 127.0.0.1:55424 localEndPoint: 127.0.0.1:55423 after 1007 ms
TpTrace Verbose: 0 : 27488, 7, 2024/07/25, 20:07:04.967, 3577439461440, vstest.console.dll, TcpClientExtensions.MessageLoopAsync: Polling on remoteEndPoint: 127.0.0.1:55424 localEndPoint: 127.0.0.1:55423 after 1015 ms
TpTrace Verbose: 0 : 27488, 7, 2024/07/25, 20:07:05.981, 3577449600692, vstest.console.dll, TcpClientExtensions.MessageLoopAsync: Polling on remoteEndPoint: 127.0.0.1:55424 localEndPoint: 127.0.0.1:55423 after 1013 ms
TpTrace Verbose: 0 : 27488, 7, 2024/07/25, 20:07:06.990, 3577459695083, vstest.console.dll, TcpClientExtensions.MessageLoopAsync: Polling on remoteEndPoint: 127.0.0.1:55424 localEndPoint: 127.0.0.1:55423 after 1009 ms
TpTrace Verbose: 0 : 27488, 7, 2024/07/25, 20:07:08.003, 3577469828080, vstest.console.dll, TcpClientExtensions.MessageLoopAsync: Polling on remoteEndPoint: 127.0.0.1:55424 localEndPoint: 127.0.0.1:55423 after 1013 ms
TpTrace Verbose: 0 : 27488, 7, 2024/07/25, 20:07:09.004, 3577479829239, vstest.console.dll, TcpClientExtensions.MessageLoopAsync: Polling on remoteEndPoint: 127.0.0.1:55424 localEndPoint: 127.0.0.1:55423 after 999 ms
TpTrace Verbose: 0 : 27488, 7, 2024/07/25, 20:07:09.997, 3577489767427, vstest.console.dll, TcpClientExtensions.MessageLoopAsync: NotifyDataAvailable remoteEndPoint: 127.0.0.1:55424 localEndPoint: 127.0.0.1:55423
TpTrace Verbose: 0 : 27488, 7, 2024/07/25, 20:07:09.998, 3577489769462, vstest.console.dll, TestRequestSender.OnExecutionMessageReceived: Received message: {"Version":7,"MessageType":"TestSession.Message","Payload":{"MessageLevel":0,"Message":"NUnit Adapter 4.5.0.0: Test execution complete"}}
TpTrace Verbose: 0 : 27488, 7, 2024/07/25, 20:07:09.998, 3577489770931, vstest.console.dll, TestRunRequest:SendTestRunMessage: Starting.
TpTrace Verbose: 0 : 27488, 7, 2024/07/25, 20:07:09.998, 3577489771644, vstest.console.dll, MulticastDelegateUtilities.SafeInvoke: TestRun.LogMessages: Invoking callback 1/1 for Microsoft.VisualStudio.TestPlatform.CommandLine.TestRunResultAggregator., took 0 ms.
TpTrace Information: 0 : 27488, 7, 2024/07/25, 20:07:09.998, 3577489772555, vstest.console.dll, TestRunRequest:SendTestRunMessage: Completed.
TpTrace Verbose: 0 : 27488, 4, 2024/07/25, 20:07:09.998, 3577489772897, vstest.console.dll, MulticastDelegateUtilities.SafeInvoke: InternalTestLoggerEvents.SendTestRunMessage: Invoking callback 1/1 for Microsoft.VisualStudio.TestPlatform.CommandLine.Internal.ConsoleLogger., took 0 ms.
TpTrace Verbose: 0 : 27488, 7, 2024/07/25, 20:07:09.998, 3577489773827, vstest.console.dll, MulticastDelegateUtilities.SafeInvoke: LengthPrefixCommunicationChannel: MessageReceived: Invoking callback 1/1 for Microsoft.VisualStudio.TestPlatform.CommunicationUtilities.TestRequestSender+<>c__DisplayClass34_0., took 0 ms.
TpTrace Verbose: 0 : 27488, 7, 2024/07/25, 20:07:09.998, 3577489775747, vstest.console.dll, TcpClientExtensions.MessageLoopAsync: Polling on remoteEndPoint: 127.0.0.1:55424 localEndPoint: 127.0.0.1:55423 after 994 ms
TpTrace Verbose: 0 : 27488, 7, 2024/07/25, 20:07:10.017, 3577489963615, vstest.console.dll, TcpClientExtensions.MessageLoopAsync: NotifyDataAvailable remoteEndPoint: 127.0.0.1:55424 localEndPoint: 127.0.0.1:55423
TpTrace Verbose: 0 : 27488, 7, 2024/07/25, 20:07:10.017, 3577489965131, vstest.console.dll, TestRequestSender.OnExecutionMessageReceived: Received message: {"Version":7,"MessageType":"TestExecution.Completed","Payload":{"TestRunCompleteArgs":{"TestRunStatistics":{"ExecutedTests":6,"Stats":{"Passed":6}},"IsCanceled":false,"IsAborted":false,"Error":null,"AttachmentSets":[],"InvokedDataCollectors":[],"ElapsedTimeInRunningTests":"00:00:40.8220814","Metrics":{},"DiscoveredExtensions":{"TestDiscoverers":["NUnit.VisualStudio.TestAdapter.NUnit3TestDiscoverer, NUnit3.TestAdapter, Version=4.5.0.0, Culture=neutral, PublicKeyToken=4cb40d35494691ac"],"TestExecutors":["executor://NUnit3TestExecutor"],"TestExecutors2":[],"TestSettingsProviders":[]}},"LastRunTests":{"NewTestResults":[{"TestCase":{"Id":"7693177e-f679-f882-9363-d47ca63b5d84","FullyQualifiedName":"TestProjects.PracticeProjectTests(\"firefox\").GoToCreateEntityPageFromNavBarAndCreateNewEntity","DisplayName":"GoToCreateEntityPageFromNavBarAndCreateNewEntity","ExecutorUri":"executor://NUnit3TestExecutor","Source":"D:\\SoftUni\\Front-End-Test-Automation-July-2024\\12.Automation Architectures\\TestPracticeProject\\TestProjects\\bin\\Debug\\net8.0\\fine-code-coverage\\build-output\\TestProject.dll","CodeFilePath":null,"LineNumber":0,"Properties":[{"Key":{"Id":"NUnit.Seed","Label":"Seed","Category":"","Description":"","Attributes":0,"ValueType":"System.String"},"Value":"2097874488"}]},"Attachments":[],"Outcome":1,"ErrorMessage":null,"ErrorStackTrace":null,"DisplayName":"GoToCreateEntityPageFromNavBarAndCreateNewEntity","Messages":[],"ComputerName":"DESKTOP-UUB0D73","Duration":"00:00:15.1401300","StartTime":"2024-07-25T17:06:54.8530111+00:00","EndTime":"2024-07-25T17:07:09.9931403+00:00","Properties":[{"Key":{"Id":"NUnit.Seed","Label":"Seed","Category":"","Description":"","Attributes":0,"ValueType":"System.String"},"Value":"2097874488"}]}],"TestRunStatistics":{"ExecutedTests":6,"Stats":{"Passed":6}},"ActiveTests":[]},"RunAttachments":[],"ExecutorUris":["executor://nunit3testexecutor/"]}}
TpTrace Verbose: 0 : 27488, 7, 2024/07/25, 20:07:10.017, 3577489966148, vstest.console.dll, TestRequestSender.EndSession: Sending end session.
TpTrace Verbose: 0 : 27488, 7, 2024/07/25, 20:07:10.017, 3577489967737, vstest.console.dll, ProxyOperationManager.Close: waiting for test host to exit for 100 ms
TpTrace Verbose: 0 : 27488, 11, 2024/07/25, 20:07:10.025, 3577490047181, vstest.console.dll, TestHostManagerCallbacks.ctor: Experimental forwarding output is disabled.
TpTrace Warning: 0 : 27488, 11, 2024/07/25, 20:07:10.026, 3577490048612, vstest.console.dll, TestHostManagerCallbacks.ErrorReceivedCallback Test host standard error line: 
TpTrace Verbose: 0 : 27488, 11, 2024/07/25, 20:07:10.034, 3577490134624, vstest.console.dll, TestHostProvider.ExitCallBack: Host exited starting callback.
TpTrace Information: 0 : 27488, 11, 2024/07/25, 20:07:10.034, 3577490136094, vstest.console.dll, TestHostManagerCallbacks.ExitCallBack: Testhost processId: 7380 exited with exitcode: 0 error: ''
TpTrace Verbose: 0 : 27488, 11, 2024/07/25, 20:07:10.034, 3577490136714, vstest.console.dll, DotnetTestHostManager.OnHostExited: invoking OnHostExited callback
TpTrace Verbose: 0 : 27488, 11, 2024/07/25, 20:07:10.034, 3577490137351, vstest.console.dll, CrossPlatEngine.TestHostManagerHostExited: calling on client process exit callback.
TpTrace Information: 0 : 27488, 11, 2024/07/25, 20:07:10.035, 3577490138165, vstest.console.dll, TestRequestSender.OnClientProcessExit: Test host process exited. Standard error: 
TpTrace Information: 0 : 27488, 7, 2024/07/25, 20:07:10.035, 3577490138281, vstest.console.dll, SocketServer.Stop: Stop server endPoint: 127.0.0.1:55423
TpTrace Information: 0 : 27488, 7, 2024/07/25, 20:07:10.035, 3577490139442, vstest.console.dll, SocketServer.Stop: Cancellation requested. Stopping message loop.
TpTrace Information: 0 : 27488, 11, 2024/07/25, 20:07:10.035, 3577490138806, vstest.console.dll, SocketServer.Stop: Stop server endPoint: 127.0.0.1:55423
TpTrace Information: 0 : 27488, 7, 2024/07/25, 20:07:10.035, 3577490141014, vstest.console.dll, Closing the connection
TpTrace Information: 0 : 27488, 11, 2024/07/25, 20:07:10.035, 3577490142153, vstest.console.dll, SocketServer.Stop: Cancellation requested. Stopping message loop.
TpTrace Verbose: 0 : 27488, 11, 2024/07/25, 20:07:10.035, 3577490142835, vstest.console.dll, MulticastDelegateUtilities.SafeInvoke: HostProviderEvents.OnHostExited: Invoking callback 1/1 for Microsoft.VisualStudio.TestPlatform.CrossPlatEngine.Client.ProxyOperationManager., took 0 ms.
TpTrace Verbose: 0 : 27488, 7, 2024/07/25, 20:07:10.035, 3577490144612, vstest.console.dll, ProxyDataCollectionManager.InvokeDataCollectionServiceAction: Starting.
TpTrace Information: 0 : 27488, 7, 2024/07/25, 20:07:10.035, 3577490145297, vstest.console.dll, ProxyDataCollectionManager.AfterTestRunEnd: Get attachment set and invoked data collectors processId: 10332 port: 55420
TpTrace Verbose: 0 : 27488, 7, 2024/07/25, 20:07:10.035, 3577490145992, vstest.console.dll, DataCollectionRequestSender.SendAfterTestRunStartAndGetResult: Send AfterTestRunEnd message with isCancelled: False
TpTrace Verbose: 0 : 27488, 7, 2024/07/25, 20:07:10.040, 3577490193854, vstest.console.dll, DataCollectionRequestSender.SendAfterTestRunStartAndGetResult: Received message: (DataCollection.AfterTestRunEndResult) -> {"MessageType":"DataCollection.AfterTestRunEndResult","Payload":{"AttachmentSets":[],"InvokedDataCollectors":[{"Uri":"datacollector://Microsoft/TestPlatform/Extensions/Blame/v1","FriendlyName":"Blame","AssemblyQualifiedName":"Microsoft.TestPlatform.Extensions.BlameDataCollector.BlameCollector, Microsoft.TestPlatform.Extensions.BlameDataCollector, Version=15.0.0.0, Culture=neutral, PublicKeyToken=b03f5f7f11d50a3a","FilePath":"C:\\Program Files (x86)\\dotnet\\sdk\\8.0.303\\Extensions\\Microsoft.TestPlatform.Extensions.BlameDataCollector.dll","HasAttachmentProcessor":false}],"Metrics":{}}}
TpTrace Information: 0 : 27488, 7, 2024/07/25, 20:07:10.044, 3577490229104, vstest.console.dll, ProxyDataCollectionManager.InvokeDataCollectionServiceAction: Completed.
TpTrace Warning: 0 : 27488, 10, 2024/07/25, 20:07:10.044, 3577490233876, vstest.console.dll, DataCollectionLauncher.ErrorReceivedCallback datacollector standard error line: 
TpTrace Information: 0 : 27488, 10, 2024/07/25, 20:07:10.049, 3577490279775, vstest.console.dll, DataCollectionLauncher.ExitCallBack: Data collector exited with exitcode: 0 error: ''
TpTrace Verbose: 0 : 27488, 7, 2024/07/25, 20:07:10.071, 3577490501203, vstest.console.dll, TestRunRequest:SendTestRunStatsChange: Starting.
TpTrace Verbose: 0 : 27488, 7, 2024/07/25, 20:07:10.071, 3577490502438, vstest.console.dll, MulticastDelegateUtilities.SafeInvoke: TestRun.RunStatsChanged: Invoking callbacks was skipped because there are no subscribers.
TpTrace Information: 0 : 27488, 7, 2024/07/25, 20:07:10.071, 3577490502980, vstest.console.dll, TestRunRequest:SendTestRunStatsChange: Completed.
TpTrace Verbose: 0 : 27488, 4, 2024/07/25, 20:07:10.071, 3577490503373, vstest.console.dll, MulticastDelegateUtilities.SafeInvoke: InternalTestLoggerEvents.SendTestResult: Invoking callback 1/1 for Microsoft.VisualStudio.TestPlatform.CommandLine.Internal.ConsoleLogger., took 0 ms.
TpTrace Verbose: 0 : 27488, 7, 2024/07/25, 20:07:10.071, 3577490505223, vstest.console.dll, ParallelProxyExecutionManager: HandlePartialRunComplete: Total workloads = 1, Total started clients = 1 Total completed clients = 1, Run complete = True, Run canceled: False.
TpTrace Verbose: 0 : 27488, 7, 2024/07/25, 20:07:10.071, 3577490505806, vstest.console.dll, ParallelProxyExecutionManager: HandlePartialRunComplete: All runs completed stopping all managers.
TpTrace Verbose: 0 : 27488, 7, 2024/07/25, 20:07:10.071, 3577490506368, vstest.console.dll, ParallelOperationManager.StopAllManagers: Stopping all managers.
TpTrace Verbose: 0 : 27488, 7, 2024/07/25, 20:07:10.071, 3577490506877, vstest.console.dll, ParallelOperationManager.ClearSlots: Clearing all slots. Slots should accept more work: False
TpTrace Verbose: 0 : 27488, 7, 2024/07/25, 20:07:10.071, 3577490507471, vstest.console.dll, ParallelOperationManager.SetOccupiedSlotCount: Setting slot counts AvailableSlotCount = 1, OccupiedSlotCount = 0.
TpTrace Verbose: 0 : 27488, 7, 2024/07/25, 20:07:10.072, 3577490508524, vstest.console.dll, Occupied slots:

TpTrace Verbose: 0 : 27488, 4, 2024/07/25, 20:07:10.078, 3577490572466, vstest.console.dll, MulticastDelegateUtilities.SafeInvoke: InternalTestLoggerEvents.SendTestRunComplete: Invoking callback 1/2 for Microsoft.TestPlatform.Extensions.BlameDataCollector.BlameLogger., took 0 ms.
TpTrace Verbose: 0 : 27488, 4, 2024/07/25, 20:07:10.083, 3577490622671, vstest.console.dll, MulticastDelegateUtilities.SafeInvoke: InternalTestLoggerEvents.SendTestRunComplete: Invoking callback 2/2 for Microsoft.VisualStudio.TestPlatform.CommandLine.Internal.ConsoleLogger., took 4 ms.
TpTrace Verbose: 0 : 27488, 7, 2024/07/25, 20:07:10.083, 3577490626162, vstest.console.dll, TestRunRequest:TestRunComplete: Starting. IsAborted:False IsCanceled:False.
TpTrace Verbose: 0 : 27488, 7, 2024/07/25, 20:07:10.083, 3577490627547, vstest.console.dll, ParallelOperationManager.DoActionOnAllManagers: Calling an action on all managers.
TpTrace Verbose: 0 : 27488, 7, 2024/07/25, 20:07:10.084, 3577490633971, vstest.console.dll, TestLoggerManager.HandleTestRunComplete: Ignoring as the object is disposed.
TpTrace Verbose: 0 : 27488, 7, 2024/07/25, 20:07:10.084, 3577490635866, vstest.console.dll, MulticastDelegateUtilities.SafeInvoke: TestRun.TestRunComplete: Invoking callback 1/2 for Microsoft.VisualStudio.TestPlatform.CommandLine.TestRunResultAggregator., took 0 ms.
TpTrace Verbose: 0 : 27488, 7, 2024/07/25, 20:07:10.084, 3577490636903, vstest.console.dll, MulticastDelegateUtilities.SafeInvoke: TestRun.TestRunComplete: Invoking callback 2/2 for Microsoft.VisualStudio.TestPlatform.CommandLine.Processors.RunTestsArgumentExecutor+TestRunRequestEventsRegistrar., took 0 ms.
TpTrace Information: 0 : 27488, 7, 2024/07/25, 20:07:10.084, 3577490637834, vstest.console.dll, TestRunRequest:TestRunComplete: Completed.
TpTrace Verbose: 0 : 27488, 7, 2024/07/25, 20:07:10.085, 3577490638423, vstest.console.dll, TestRequestSender.SetOperationComplete: Setting operation complete.
TpTrace Information: 0 : 27488, 7, 2024/07/25, 20:07:10.085, 3577490638956, vstest.console.dll, SocketServer.Stop: Stop server endPoint: 127.0.0.1:55423
TpTrace Verbose: 0 : 27488, 1, 2024/07/25, 20:07:10.085, 3577490638494, vstest.console.dll, TestRunRequest.Dispose: Starting.
TpTrace Information: 0 : 27488, 1, 2024/07/25, 20:07:10.085, 3577490640235, vstest.console.dll, TestRunRequest.Dispose: Completed.
TpTrace Information: 0 : 27488, 7, 2024/07/25, 20:07:10.085, 3577490639439, vstest.console.dll, SocketServer.Stop: Cancellation requested. Stopping message loop.
TpTrace Verbose: 0 : 27488, 7, 2024/07/25, 20:07:10.085, 3577490641604, vstest.console.dll, MulticastDelegateUtilities.SafeInvoke: LengthPrefixCommunicationChannel: MessageReceived: Invoking callback 1/1 for Microsoft.VisualStudio.TestPlatform.CommunicationUtilities.TestRequestSender+<>c__DisplayClass34_0., took 67 ms.
TpTrace Information: 0 : 27488, 7, 2024/07/25, 20:07:10.085, 3577490642284, vstest.console.dll, SocketServer.PrivateStop: Stopping server endPoint: 127.0.0.1:55423 error: 
TpTrace Information: 0 : 27488, 1, 2024/07/25, 20:07:10.085, 3577490640881, vstest.console.dll, TestRequestManager.RunTests: run tests completed.
TpTrace Information: 0 : 27488, 1, 2024/07/25, 20:07:10.085, 3577490643871, vstest.console.dll, RunTestsArgumentProcessor:Execute: Test run is completed.
TpTrace Verbose: 0 : 27488, 7, 2024/07/25, 20:07:10.085, 3577490645687, vstest.console.dll, LengthPrefixCommunicationChannel.Dispose: Dispose reader and writer.
TpTrace Information: 0 : 27488, 7, 2024/07/25, 20:07:10.085, 3577490646508, vstest.console.dll, SocketServer.Stop: Raise disconnected event endPoint: 127.0.0.1:55423 error: 
TpTrace Verbose: 0 : 27488, 7, 2024/07/25, 20:07:10.085, 3577490647350, vstest.console.dll, TestRequestSender: OnTestRunAbort: Operation is already complete. Skip error message.
TpTrace Verbose: 0 : 27488, 7, 2024/07/25, 20:07:10.085, 3577490647965, vstest.console.dll, MulticastDelegateUtilities.SafeInvoke: SocketServer: ClientDisconnected: Invoking callback 1/1 for Microsoft.VisualStudio.TestPlatform.CommunicationUtilities.TestRequestSender., took 0 ms.
TpTrace Verbose: 0 : 27488, 1, 2024/07/25, 20:07:10.085, 3577490645829, vstest.console.dll, Executor.Execute: Exiting with exit code of 0
TpTrace Verbose: 0 : 27488, 7, 2024/07/25, 20:07:10.086, 3577490648497, vstest.console.dll, TcpClientExtensions.MessageLoopAsync: exiting MessageLoopAsync remoteEndPoint: 127.0.0.1:55424 localEndPoint: 127.0.0.1:55423
