<?xml version="1.0" encoding="utf-8"?>
<coverage line-rate="0.9818000000000001" branch-rate="0.75" version="1.9" timestamp="1721567318" lines-covered="54" lines-valid="55" branches-covered="3" branches-valid="4">
  <sources>
    <source>C:\</source>
    <source>D:\</source>
  </sources>
  <packages>
    <package name="AppiumTesting" line-rate="0.9818000000000001" branch-rate="0.75" complexity="8">
      <classes>
        <class name="AutoGeneratedProgram" filename="Users\PC-User\.nuget\packages\microsoft.net.test.sdk\17.5.0\build\netcoreapp3.1\Microsoft.NET.Test.Sdk.Program.cs" line-rate="0" branch-rate="1" complexity="1">
          <methods>
            <method name="Main" signature="(System.String[])" line-rate="0" branch-rate="1" complexity="1">
              <lines>
                <line number="4" hits="0" branch="False" />
              </lines>
            </method>
          </methods>
          <lines>
            <line number="4" hits="0" branch="False" />
          </lines>
        </class>
        <class name="AppiumTesting.Tests" filename="SoftUni\Front-End-Test-Automation-July-2024\09.Appium-Lab\AppiumTesting\AppiumTesting\UnitTest1.cs" line-rate="1" branch-rate="0.75" complexity="7">
          <methods>
            <method name="Setup" signature="()" line-rate="1" branch-rate="1" complexity="1">
              <lines>
                <line number="15" hits="3" branch="False" />
                <line number="16" hits="3" branch="False" />
                <line number="17" hits="3" branch="False" />
                <line number="18" hits="3" branch="False" />
                <line number="19" hits="3" branch="False" />
                <line number="21" hits="3" branch="False" />
                <line number="22" hits="3" branch="False" />
                <line number="23" hits="3" branch="False" />
                <line number="24" hits="3" branch="False" />
                <line number="25" hits="3" branch="False" />
                <line number="27" hits="3" branch="False" />
                <line number="28" hits="3" branch="False" />
              </lines>
            </method>
            <method name="TearDown" signature="()" line-rate="1" branch-rate="0.5" complexity="2">
              <lines>
                <line number="32" hits="3" branch="False" />
                <line number="33" hits="3" branch="True" condition-coverage="50% (1/2)">
                  <conditions>
                    <condition number="8" type="jump" coverage="50%" />
                  </conditions>
                </line>
                <line number="34" hits="3" branch="False" />
              </lines>
            </method>
            <method name="TestValidSummation" signature="()" line-rate="1" branch-rate="1" complexity="1">
              <lines>
                <line number="38" hits="1" branch="False" />
                <line number="39" hits="1" branch="False" />
                <line number="40" hits="1" branch="False" />
                <line number="41" hits="1" branch="False" />
                <line number="43" hits="1" branch="False" />
                <line number="44" hits="1" branch="False" />
                <line number="45" hits="1" branch="False" />
                <line number="47" hits="1" branch="False" />
                <line number="49" hits="1" branch="False" />
                <line number="51" hits="1" branch="False" />
                <line number="53" hits="1" branch="False" />
                <line number="56" hits="1" branch="False" />
              </lines>
            </method>
            <method name="TestValidSummationTenTimes" signature="()" line-rate="1" branch-rate="1" complexity="2">
              <lines>
                <line number="60" hits="1" branch="False" />
                <line number="61" hits="1" branch="False" />
                <line number="64" hits="1" branch="False" />
                <line number="67" hits="1" branch="False" />
                <line number="69" hits="20" branch="True" condition-coverage="100% (2/2)">
                  <conditions>
                    <condition number="198" type="jump" coverage="100%" />
                  </conditions>
                </line>
                <line number="70" hits="9" branch="False" />
                <line number="71" hits="9" branch="False" />
                <line number="72" hits="9" branch="False" />
                <line number="74" hits="9" branch="False" />
                <line number="76" hits="9" branch="False" />
                <line number="78" hits="9" branch="False" />
                <line number="80" hits="9" branch="False" />
                <line number="81" hits="9" branch="False" />
                <line number="82" hits="9" branch="False" />
                <line number="83" hits="1" branch="False" />
              </lines>
            </method>
            <method name="TestInvalidSummation" signature="()" line-rate="1" branch-rate="1" complexity="1">
              <lines>
                <line number="87" hits="1" branch="False" />
                <line number="88" hits="1" branch="False" />
                <line number="89" hits="1" branch="False" />
                <line number="90" hits="1" branch="False" />
                <line number="92" hits="1" branch="False" />
                <line number="93" hits="1" branch="False" />
                <line number="94" hits="1" branch="False" />
                <line number="96" hits="1" branch="False" />
                <line number="98" hits="1" branch="False" />
                <line number="100" hits="1" branch="False" />
                <line number="102" hits="1" branch="False" />
                <line number="105" hits="1" branch="False" />
              </lines>
            </method>
          </methods>
          <lines>
            <line number="15" hits="3" branch="False" />
            <line number="16" hits="3" branch="False" />
            <line number="17" hits="3" branch="False" />
            <line number="18" hits="3" branch="False" />
            <line number="19" hits="3" branch="False" />
            <line number="21" hits="3" branch="False" />
            <line number="22" hits="3" branch="False" />
            <line number="23" hits="3" branch="False" />
            <line number="24" hits="3" branch="False" />
            <line number="25" hits="3" branch="False" />
            <line number="27" hits="3" branch="False" />
            <line number="28" hits="3" branch="False" />
            <line number="32" hits="3" branch="False" />
            <line number="33" hits="3" branch="True" condition-coverage="50% (1/2)">
              <conditions>
                <condition number="8" type="jump" coverage="50%" />
              </conditions>
            </line>
            <line number="34" hits="3" branch="False" />
            <line number="38" hits="1" branch="False" />
            <line number="39" hits="1" branch="False" />
            <line number="40" hits="1" branch="False" />
            <line number="41" hits="1" branch="False" />
            <line number="43" hits="1" branch="False" />
            <line number="44" hits="1" branch="False" />
            <line number="45" hits="1" branch="False" />
            <line number="47" hits="1" branch="False" />
            <line number="49" hits="1" branch="False" />
            <line number="51" hits="1" branch="False" />
            <line number="53" hits="1" branch="False" />
            <line number="56" hits="1" branch="False" />
            <line number="60" hits="1" branch="False" />
            <line number="61" hits="1" branch="False" />
            <line number="64" hits="1" branch="False" />
            <line number="67" hits="1" branch="False" />
            <line number="69" hits="20" branch="True" condition-coverage="100% (2/2)">
              <conditions>
                <condition number="198" type="jump" coverage="100%" />
              </conditions>
            </line>
            <line number="70" hits="9" branch="False" />
            <line number="71" hits="9" branch="False" />
            <line number="72" hits="9" branch="False" />
            <line number="74" hits="9" branch="False" />
            <line number="76" hits="9" branch="False" />
            <line number="78" hits="9" branch="False" />
            <line number="80" hits="9" branch="False" />
            <line number="81" hits="9" branch="False" />
            <line number="82" hits="9" branch="False" />
            <line number="83" hits="1" branch="False" />
            <line number="87" hits="1" branch="False" />
            <line number="88" hits="1" branch="False" />
            <line number="89" hits="1" branch="False" />
            <line number="90" hits="1" branch="False" />
            <line number="92" hits="1" branch="False" />
            <line number="93" hits="1" branch="False" />
            <line number="94" hits="1" branch="False" />
            <line number="96" hits="1" branch="False" />
            <line number="98" hits="1" branch="False" />
            <line number="100" hits="1" branch="False" />
            <line number="102" hits="1" branch="False" />
            <line number="105" hits="1" branch="False" />
          </lines>
        </class>
      </classes>
    </package>
  </packages>
</coverage>